CRITICAL - 2024-12-14 01:28:52 --> ValueError: strpos(): Argument #3 ($offset) must be contained in argument #1 ($haystack)
[Method: POST, Route: Lokasi/insertData]
in SYSTEMPATH\Validation\Validation.php on line 974.
 1 SYSTEMPATH\Validation\Validation.php(974): strpos('uploaded[foto_lokasi]max_size[foto_lokasi,1024]|mime_in[foto_lokasi/image/jpg,image/jpeg,image/png', '|', 99)
 2 SYSTEMPATH\Validation\Validation.php(609): CodeIgniter\Validation\Validation->splitRules([...])
 3 SYSTEMPATH\Controller.php(181): CodeIgniter\Validation\Validation->setRules([...], [])
 4 SYSTEMPATH\Controller.php(135): CodeIgniter\Controller->setValidator([...], [])
 5 APPPATH\Controllers\Lokasi.php(35): CodeIgniter\Controller->validate([...])
 6 SYSTEMPATH\CodeIgniter.php(933): App\Controllers\Lokasi->insertData()
 7 SYSTEMPATH\CodeIgniter.php(509): CodeIgniter\CodeIgniter->runController(Object(App\Controllers\Lokasi))
 8 SYSTEMPATH\CodeIgniter.php(355): CodeIgniter\CodeIgniter->handleRequest(null, Object(Config\Cache), false)
 9 SYSTEMPATH\Boot.php(325): CodeIgniter\CodeIgniter->run()
10 SYSTEMPATH\Boot.php(67): CodeIgniter\Boot::runCodeIgniter(Object(CodeIgniter\CodeIgniter))
11 FCPATH\index.php(56): CodeIgniter\Boot::bootWeb(Object(Config\Paths))
CRITICAL - 2024-12-14 01:30:47 --> ValueError: strpos(): Argument #3 ($offset) must be contained in argument #1 ($haystack)
[Method: POST, Route: Lokasi/insertData]
in SYSTEMPATH\Validation\Validation.php on line 974.
 1 SYSTEMPATH\Validation\Validation.php(974): strpos('uploaded[foto_lokasi]max_size[foto_lokasi,1024]|mime_in[foto_lokasi/image/jpg,image/jpeg,image/png', '|', 99)
 2 SYSTEMPATH\Validation\Validation.php(609): CodeIgniter\Validation\Validation->splitRules([...])
 3 SYSTEMPATH\Controller.php(181): CodeIgniter\Validation\Validation->setRules([...], [])
 4 SYSTEMPATH\Controller.php(135): CodeIgniter\Controller->setValidator([...], [])
 5 APPPATH\Controllers\Lokasi.php(35): CodeIgniter\Controller->validate([...])
 6 SYSTEMPATH\CodeIgniter.php(933): App\Controllers\Lokasi->insertData()
 7 SYSTEMPATH\CodeIgniter.php(509): CodeIgniter\CodeIgniter->runController(Object(App\Controllers\Lokasi))
 8 SYSTEMPATH\CodeIgniter.php(355): CodeIgniter\CodeIgniter->handleRequest(null, Object(Config\Cache), false)
 9 SYSTEMPATH\Boot.php(325): CodeIgniter\CodeIgniter->run()
10 SYSTEMPATH\Boot.php(67): CodeIgniter\Boot::runCodeIgniter(Object(CodeIgniter\CodeIgniter))
11 FCPATH\index.php(56): CodeIgniter\Boot::bootWeb(Object(Config\Paths))
CRITICAL - 2024-12-14 01:34:47 --> ValueError: strpos(): Argument #3 ($offset) must be contained in argument #1 ($haystack)
[Method: POST, Route: Lokasi/insertData]
in SYSTEMPATH\Validation\Validation.php on line 974.
 1 SYSTEMPATH\Validation\Validation.php(974): strpos('uploaded[foto_lokasi]max_size[foto_lokasi,1024]|mime_in[foto_lokasi/image/jpg,image/jpeg,image/png', '|', 99)
 2 SYSTEMPATH\Validation\Validation.php(609): CodeIgniter\Validation\Validation->splitRules([...])
 3 SYSTEMPATH\Controller.php(181): CodeIgniter\Validation\Validation->setRules([...], [])
 4 SYSTEMPATH\Controller.php(135): CodeIgniter\Controller->setValidator([...], [])
 5 APPPATH\Controllers\Lokasi.php(35): CodeIgniter\Controller->validate([...])
 6 SYSTEMPATH\CodeIgniter.php(933): App\Controllers\Lokasi->insertData()
 7 SYSTEMPATH\CodeIgniter.php(509): CodeIgniter\CodeIgniter->runController(Object(App\Controllers\Lokasi))
 8 SYSTEMPATH\CodeIgniter.php(355): CodeIgniter\CodeIgniter->handleRequest(null, Object(Config\Cache), false)
 9 SYSTEMPATH\Boot.php(325): CodeIgniter\CodeIgniter->run()
10 SYSTEMPATH\Boot.php(67): CodeIgniter\Boot::runCodeIgniter(Object(CodeIgniter\CodeIgniter))
11 FCPATH\index.php(56): CodeIgniter\Boot::bootWeb(Object(Config\Paths))
CRITICAL - 2024-12-14 07:34:46 --> ErrorException: Undefined variable $lokasi
[Method: GET, Route: Home]
in APPPATH\Views\v_dashboard.php on line 98.
 1 APPPATH\Views\v_dashboard.php(98): CodeIgniter\Debug\Exceptions->errorHandler(2, 'Undefined variable $lokasi', 'C:\\xampp\\htdocs\\web_gis\\app\\Views\\v_dashboard.php', 98)
 2 SYSTEMPATH\View\View.php(234): include('C:\\xampp\\htdocs\\web_gis\\app\\Views\\v_dashboard.php')
 3 SYSTEMPATH\View\View.php(237): CodeIgniter\View\View->CodeIgniter\View\{closure}()
 4 SYSTEMPATH\Common.php(1171): CodeIgniter\View\View->render('v_dashboard', [], true)
 5 APPPATH\Views\v_template.php(139): view('v_dashboard')
 6 SYSTEMPATH\View\View.php(234): include('C:\\xampp\\htdocs\\web_gis\\app\\Views\\v_template.php')
 7 SYSTEMPATH\View\View.php(237): CodeIgniter\View\View->CodeIgniter\View\{closure}()
 8 SYSTEMPATH\Common.php(1171): CodeIgniter\View\View->render('v_template', [], true)
 9 APPPATH\Controllers\Home.php(13): view('v_template', [...])
10 SYSTEMPATH\CodeIgniter.php(933): App\Controllers\Home->index()
11 SYSTEMPATH\CodeIgniter.php(509): CodeIgniter\CodeIgniter->runController(Object(App\Controllers\Home))
12 SYSTEMPATH\CodeIgniter.php(355): CodeIgniter\CodeIgniter->handleRequest(null, Object(Config\Cache), false)
13 SYSTEMPATH\Boot.php(325): CodeIgniter\CodeIgniter->run()
14 SYSTEMPATH\Boot.php(67): CodeIgniter\Boot::runCodeIgniter(Object(CodeIgniter\CodeIgniter))
15 FCPATH\index.php(56): CodeIgniter\Boot::bootWeb(Object(Config\Paths))
CRITICAL - 2024-12-14 07:35:19 --> ErrorException: Undefined variable $lokasi
[Method: GET, Route: Home]
in APPPATH\Views\v_dashboard.php on line 90.
 1 APPPATH\Views\v_dashboard.php(90): CodeIgniter\Debug\Exceptions->errorHandler(2, 'Undefined variable $lokasi', 'C:\\xampp\\htdocs\\web_gis\\app\\Views\\v_dashboard.php', 90)
 2 SYSTEMPATH\View\View.php(234): include('C:\\xampp\\htdocs\\web_gis\\app\\Views\\v_dashboard.php')
 3 SYSTEMPATH\View\View.php(237): CodeIgniter\View\View->CodeIgniter\View\{closure}()
 4 SYSTEMPATH\Common.php(1171): CodeIgniter\View\View->render('v_dashboard', [], true)
 5 APPPATH\Views\v_template.php(139): view('v_dashboard')
 6 SYSTEMPATH\View\View.php(234): include('C:\\xampp\\htdocs\\web_gis\\app\\Views\\v_template.php')
 7 SYSTEMPATH\View\View.php(237): CodeIgniter\View\View->CodeIgniter\View\{closure}()
 8 SYSTEMPATH\Common.php(1171): CodeIgniter\View\View->render('v_template', [], true)
 9 APPPATH\Controllers\Home.php(13): view('v_template', [...])
10 SYSTEMPATH\CodeIgniter.php(933): App\Controllers\Home->index()
11 SYSTEMPATH\CodeIgniter.php(509): CodeIgniter\CodeIgniter->runController(Object(App\Controllers\Home))
12 SYSTEMPATH\CodeIgniter.php(355): CodeIgniter\CodeIgniter->handleRequest(null, Object(Config\Cache), false)
13 SYSTEMPATH\Boot.php(325): CodeIgniter\CodeIgniter->run()
14 SYSTEMPATH\Boot.php(67): CodeIgniter\Boot::runCodeIgniter(Object(CodeIgniter\CodeIgniter))
15 FCPATH\index.php(56): CodeIgniter\Boot::bootWeb(Object(Config\Paths))
