CRITICAL - 2024-12-09 13:30:51 --> ErrorException: Undefined array key "nama_lokasi"
[Method: GET, Route: Lokasi/inputLokasi]
in APPPATH\Views\lokasi\v_input_lokasi.php on line 14.
 1 APPPATH\Views\lokasi\v_input_lokasi.php(14): CodeIgniter\Debug\Exceptions->errorHandler(2, 'Undefined array key "nama_lokasi"', 'C:\\xampp\\htdocs\\web_gis\\app\\Views\\lokasi\\v_input_lokasi.php', 14)
 2 SYSTEMPATH\View\View.php(234): include('C:\\xampp\\htdocs\\web_gis\\app\\Views\\lokasi\\v_input_lokasi.php')
 3 SYSTEMPATH\View\View.php(237): CodeIgniter\View\View->CodeIgniter\View\{closure}()
 4 SYSTEMPATH\Common.php(1171): CodeIgniter\View\View->render('lokasi/v_input_lokasi', [], true)
 5 APPPATH\Views\v_template.php(134): view('lokasi/v_input_lokasi')
 6 SYSTEMPATH\View\View.php(234): include('C:\\xampp\\htdocs\\web_gis\\app\\Views\\v_template.php')
 7 SYSTEMPATH\View\View.php(237): CodeIgniter\View\View->CodeIgniter\View\{closure}()
 8 SYSTEMPATH\Common.php(1171): CodeIgniter\View\View->render('v_template', [], true)
 9 APPPATH\Controllers\Lokasi.php(24): view('v_template', [...])
10 SYSTEMPATH\CodeIgniter.php(933): App\Controllers\Lokasi->inputLokasi()
11 SYSTEMPATH\CodeIgniter.php(509): CodeIgniter\CodeIgniter->runController(Object(App\Controllers\Lokasi))
12 SYSTEMPATH\CodeIgniter.php(355): CodeIgniter\CodeIgniter->handleRequest(null, Object(Config\Cache), false)
13 SYSTEMPATH\Boot.php(325): CodeIgniter\CodeIgniter->run()
14 SYSTEMPATH\Boot.php(67): CodeIgniter\Boot::runCodeIgniter(Object(CodeIgniter\CodeIgniter))
15 FCPATH\index.php(56): CodeIgniter\Boot::bootWeb(Object(Config\Paths))
CRITICAL - 2024-12-09 13:31:02 --> ErrorException: Undefined array key "nama_lokasi"
[Method: GET, Route: Lokasi/inputLokasi]
in APPPATH\Views\lokasi\v_input_lokasi.php on line 14.
 1 APPPATH\Views\lokasi\v_input_lokasi.php(14): CodeIgniter\Debug\Exceptions->errorHandler(2, 'Undefined array key "nama_lokasi"', 'C:\\xampp\\htdocs\\web_gis\\app\\Views\\lokasi\\v_input_lokasi.php', 14)
 2 SYSTEMPATH\View\View.php(234): include('C:\\xampp\\htdocs\\web_gis\\app\\Views\\lokasi\\v_input_lokasi.php')
 3 SYSTEMPATH\View\View.php(237): CodeIgniter\View\View->CodeIgniter\View\{closure}()
 4 SYSTEMPATH\Common.php(1171): CodeIgniter\View\View->render('lokasi/v_input_lokasi', [], true)
 5 APPPATH\Views\v_template.php(134): view('lokasi/v_input_lokasi')
 6 SYSTEMPATH\View\View.php(234): include('C:\\xampp\\htdocs\\web_gis\\app\\Views\\v_template.php')
 7 SYSTEMPATH\View\View.php(237): CodeIgniter\View\View->CodeIgniter\View\{closure}()
 8 SYSTEMPATH\Common.php(1171): CodeIgniter\View\View->render('v_template', [], true)
 9 APPPATH\Controllers\Lokasi.php(24): view('v_template', [...])
10 SYSTEMPATH\CodeIgniter.php(933): App\Controllers\Lokasi->inputLokasi()
11 SYSTEMPATH\CodeIgniter.php(509): CodeIgniter\CodeIgniter->runController(Object(App\Controllers\Lokasi))
12 SYSTEMPATH\CodeIgniter.php(355): CodeIgniter\CodeIgniter->handleRequest(null, Object(Config\Cache), false)
13 SYSTEMPATH\Boot.php(325): CodeIgniter\CodeIgniter->run()
14 SYSTEMPATH\Boot.php(67): CodeIgniter\Boot::runCodeIgniter(Object(CodeIgniter\CodeIgniter))
15 FCPATH\index.php(56): CodeIgniter\Boot::bootWeb(Object(Config\Paths))
CRITICAL - 2024-12-09 13:33:09 --> ErrorException: Undefined array key "nama_lokasi"
[Method: GET, Route: Lokasi/inputLokasi]
in APPPATH\Views\lokasi\v_input_lokasi.php on line 14.
 1 APPPATH\Views\lokasi\v_input_lokasi.php(14): CodeIgniter\Debug\Exceptions->errorHandler(2, 'Undefined array key "nama_lokasi"', 'C:\\xampp\\htdocs\\web_gis\\app\\Views\\lokasi\\v_input_lokasi.php', 14)
 2 SYSTEMPATH\View\View.php(234): include('C:\\xampp\\htdocs\\web_gis\\app\\Views\\lokasi\\v_input_lokasi.php')
 3 SYSTEMPATH\View\View.php(237): CodeIgniter\View\View->CodeIgniter\View\{closure}()
 4 SYSTEMPATH\Common.php(1171): CodeIgniter\View\View->render('lokasi/v_input_lokasi', [], true)
 5 APPPATH\Views\v_template.php(134): view('lokasi/v_input_lokasi')
 6 SYSTEMPATH\View\View.php(234): include('C:\\xampp\\htdocs\\web_gis\\app\\Views\\v_template.php')
 7 SYSTEMPATH\View\View.php(237): CodeIgniter\View\View->CodeIgniter\View\{closure}()
 8 SYSTEMPATH\Common.php(1171): CodeIgniter\View\View->render('v_template', [], true)
 9 APPPATH\Controllers\Lokasi.php(24): view('v_template', [...])
10 SYSTEMPATH\CodeIgniter.php(933): App\Controllers\Lokasi->inputLokasi()
11 SYSTEMPATH\CodeIgniter.php(509): CodeIgniter\CodeIgniter->runController(Object(App\Controllers\Lokasi))
12 SYSTEMPATH\CodeIgniter.php(355): CodeIgniter\CodeIgniter->handleRequest(null, Object(Config\Cache), false)
13 SYSTEMPATH\Boot.php(325): CodeIgniter\CodeIgniter->run()
14 SYSTEMPATH\Boot.php(67): CodeIgniter\Boot::runCodeIgniter(Object(CodeIgniter\CodeIgniter))
15 FCPATH\index.php(56): CodeIgniter\Boot::bootWeb(Object(Config\Paths))
CRITICAL - 2024-12-09 13:33:35 --> ErrorException: Undefined array key "nama_lokasi"
[Method: GET, Route: Lokasi/inputLokasi]
in APPPATH\Views\lokasi\v_input_lokasi.php on line 14.
 1 APPPATH\Views\lokasi\v_input_lokasi.php(14): CodeIgniter\Debug\Exceptions->errorHandler(2, 'Undefined array key "nama_lokasi"', 'C:\\xampp\\htdocs\\web_gis\\app\\Views\\lokasi\\v_input_lokasi.php', 14)
 2 SYSTEMPATH\View\View.php(234): include('C:\\xampp\\htdocs\\web_gis\\app\\Views\\lokasi\\v_input_lokasi.php')
 3 SYSTEMPATH\View\View.php(237): CodeIgniter\View\View->CodeIgniter\View\{closure}()
 4 SYSTEMPATH\Common.php(1171): CodeIgniter\View\View->render('lokasi/v_input_lokasi', [], true)
 5 APPPATH\Views\v_template.php(134): view('lokasi/v_input_lokasi')
 6 SYSTEMPATH\View\View.php(234): include('C:\\xampp\\htdocs\\web_gis\\app\\Views\\v_template.php')
 7 SYSTEMPATH\View\View.php(237): CodeIgniter\View\View->CodeIgniter\View\{closure}()
 8 SYSTEMPATH\Common.php(1171): CodeIgniter\View\View->render('v_template', [], true)
 9 APPPATH\Controllers\Lokasi.php(24): view('v_template', [...])
10 SYSTEMPATH\CodeIgniter.php(933): App\Controllers\Lokasi->inputLokasi()
11 SYSTEMPATH\CodeIgniter.php(509): CodeIgniter\CodeIgniter->runController(Object(App\Controllers\Lokasi))
12 SYSTEMPATH\CodeIgniter.php(355): CodeIgniter\CodeIgniter->handleRequest(null, Object(Config\Cache), false)
13 SYSTEMPATH\Boot.php(325): CodeIgniter\CodeIgniter->run()
14 SYSTEMPATH\Boot.php(67): CodeIgniter\Boot::runCodeIgniter(Object(CodeIgniter\CodeIgniter))
15 FCPATH\index.php(56): CodeIgniter\Boot::bootWeb(Object(Config\Paths))
CRITICAL - 2024-12-09 13:37:59 --> ErrorException: Undefined array key "nama_lokasi"
[Method: GET, Route: Lokasi/inputLokasi]
in APPPATH\Views\lokasi\v_input_lokasi.php on line 14.
 1 APPPATH\Views\lokasi\v_input_lokasi.php(14): CodeIgniter\Debug\Exceptions->errorHandler(2, 'Undefined array key "nama_lokasi"', 'C:\\xampp\\htdocs\\web_gis\\app\\Views\\lokasi\\v_input_lokasi.php', 14)
 2 SYSTEMPATH\View\View.php(234): include('C:\\xampp\\htdocs\\web_gis\\app\\Views\\lokasi\\v_input_lokasi.php')
 3 SYSTEMPATH\View\View.php(237): CodeIgniter\View\View->CodeIgniter\View\{closure}()
 4 SYSTEMPATH\Common.php(1171): CodeIgniter\View\View->render('lokasi/v_input_lokasi', [], true)
 5 APPPATH\Views\v_template.php(134): view('lokasi/v_input_lokasi')
 6 SYSTEMPATH\View\View.php(234): include('C:\\xampp\\htdocs\\web_gis\\app\\Views\\v_template.php')
 7 SYSTEMPATH\View\View.php(237): CodeIgniter\View\View->CodeIgniter\View\{closure}()
 8 SYSTEMPATH\Common.php(1171): CodeIgniter\View\View->render('v_template', [], true)
 9 APPPATH\Controllers\Lokasi.php(24): view('v_template', [...])
10 SYSTEMPATH\CodeIgniter.php(933): App\Controllers\Lokasi->inputLokasi()
11 SYSTEMPATH\CodeIgniter.php(509): CodeIgniter\CodeIgniter->runController(Object(App\Controllers\Lokasi))
12 SYSTEMPATH\CodeIgniter.php(355): CodeIgniter\CodeIgniter->handleRequest(null, Object(Config\Cache), false)
13 SYSTEMPATH\Boot.php(325): CodeIgniter\CodeIgniter->run()
14 SYSTEMPATH\Boot.php(67): CodeIgniter\Boot::runCodeIgniter(Object(CodeIgniter\CodeIgniter))
15 FCPATH\index.php(56): CodeIgniter\Boot::bootWeb(Object(Config\Paths))
CRITICAL - 2024-12-09 13:40:16 --> ErrorException: Undefined array key "nama_lokasi"
[Method: GET, Route: Lokasi/inputLokasi]
in APPPATH\Views\lokasi\v_input_lokasi.php on line 14.
 1 APPPATH\Views\lokasi\v_input_lokasi.php(14): CodeIgniter\Debug\Exceptions->errorHandler(2, 'Undefined array key "nama_lokasi"', 'C:\\xampp\\htdocs\\web_gis\\app\\Views\\lokasi\\v_input_lokasi.php', 14)
 2 SYSTEMPATH\View\View.php(234): include('C:\\xampp\\htdocs\\web_gis\\app\\Views\\lokasi\\v_input_lokasi.php')
 3 SYSTEMPATH\View\View.php(237): CodeIgniter\View\View->CodeIgniter\View\{closure}()
 4 SYSTEMPATH\Common.php(1171): CodeIgniter\View\View->render('lokasi/v_input_lokasi', [], true)
 5 APPPATH\Views\v_template.php(134): view('lokasi/v_input_lokasi')
 6 SYSTEMPATH\View\View.php(234): include('C:\\xampp\\htdocs\\web_gis\\app\\Views\\v_template.php')
 7 SYSTEMPATH\View\View.php(237): CodeIgniter\View\View->CodeIgniter\View\{closure}()
 8 SYSTEMPATH\Common.php(1171): CodeIgniter\View\View->render('v_template', [], true)
 9 APPPATH\Controllers\Lokasi.php(24): view('v_template', [...])
10 SYSTEMPATH\CodeIgniter.php(933): App\Controllers\Lokasi->inputLokasi()
11 SYSTEMPATH\CodeIgniter.php(509): CodeIgniter\CodeIgniter->runController(Object(App\Controllers\Lokasi))
12 SYSTEMPATH\CodeIgniter.php(355): CodeIgniter\CodeIgniter->handleRequest(null, Object(Config\Cache), false)
13 SYSTEMPATH\Boot.php(325): CodeIgniter\CodeIgniter->run()
14 SYSTEMPATH\Boot.php(67): CodeIgniter\Boot::runCodeIgniter(Object(CodeIgniter\CodeIgniter))
15 FCPATH\index.php(56): CodeIgniter\Boot::bootWeb(Object(Config\Paths))
CRITICAL - 2024-12-09 13:44:48 --> ErrorException: Undefined array key "nama_lokasi"
[Method: GET, Route: Lokasi/inputLokasi]
in APPPATH\Views\lokasi\v_input_lokasi.php on line 14.
 1 APPPATH\Views\lokasi\v_input_lokasi.php(14): CodeIgniter\Debug\Exceptions->errorHandler(2, 'Undefined array key "nama_lokasi"', 'C:\\xampp\\htdocs\\web_gis\\app\\Views\\lokasi\\v_input_lokasi.php', 14)
 2 SYSTEMPATH\View\View.php(234): include('C:\\xampp\\htdocs\\web_gis\\app\\Views\\lokasi\\v_input_lokasi.php')
 3 SYSTEMPATH\View\View.php(237): CodeIgniter\View\View->CodeIgniter\View\{closure}()
 4 SYSTEMPATH\Common.php(1171): CodeIgniter\View\View->render('lokasi/v_input_lokasi', [], true)
 5 APPPATH\Views\v_template.php(134): view('lokasi/v_input_lokasi')
 6 SYSTEMPATH\View\View.php(234): include('C:\\xampp\\htdocs\\web_gis\\app\\Views\\v_template.php')
 7 SYSTEMPATH\View\View.php(237): CodeIgniter\View\View->CodeIgniter\View\{closure}()
 8 SYSTEMPATH\Common.php(1171): CodeIgniter\View\View->render('v_template', [], true)
 9 APPPATH\Controllers\Lokasi.php(24): view('v_template', [...])
10 SYSTEMPATH\CodeIgniter.php(933): App\Controllers\Lokasi->inputLokasi()
11 SYSTEMPATH\CodeIgniter.php(509): CodeIgniter\CodeIgniter->runController(Object(App\Controllers\Lokasi))
12 SYSTEMPATH\CodeIgniter.php(355): CodeIgniter\CodeIgniter->handleRequest(null, Object(Config\Cache), false)
13 SYSTEMPATH\Boot.php(325): CodeIgniter\CodeIgniter->run()
14 SYSTEMPATH\Boot.php(67): CodeIgniter\Boot::runCodeIgniter(Object(CodeIgniter\CodeIgniter))
15 FCPATH\index.php(56): CodeIgniter\Boot::bootWeb(Object(Config\Paths))
CRITICAL - 2024-12-09 13:44:51 --> ErrorException: Undefined array key "nama_lokasi"
[Method: GET, Route: Lokasi/inputLokasi]
in APPPATH\Views\lokasi\v_input_lokasi.php on line 14.
 1 APPPATH\Views\lokasi\v_input_lokasi.php(14): CodeIgniter\Debug\Exceptions->errorHandler(2, 'Undefined array key "nama_lokasi"', 'C:\\xampp\\htdocs\\web_gis\\app\\Views\\lokasi\\v_input_lokasi.php', 14)
 2 SYSTEMPATH\View\View.php(234): include('C:\\xampp\\htdocs\\web_gis\\app\\Views\\lokasi\\v_input_lokasi.php')
 3 SYSTEMPATH\View\View.php(237): CodeIgniter\View\View->CodeIgniter\View\{closure}()
 4 SYSTEMPATH\Common.php(1171): CodeIgniter\View\View->render('lokasi/v_input_lokasi', [], true)
 5 APPPATH\Views\v_template.php(134): view('lokasi/v_input_lokasi')
 6 SYSTEMPATH\View\View.php(234): include('C:\\xampp\\htdocs\\web_gis\\app\\Views\\v_template.php')
 7 SYSTEMPATH\View\View.php(237): CodeIgniter\View\View->CodeIgniter\View\{closure}()
 8 SYSTEMPATH\Common.php(1171): CodeIgniter\View\View->render('v_template', [], true)
 9 APPPATH\Controllers\Lokasi.php(24): view('v_template', [...])
10 SYSTEMPATH\CodeIgniter.php(933): App\Controllers\Lokasi->inputLokasi()
11 SYSTEMPATH\CodeIgniter.php(509): CodeIgniter\CodeIgniter->runController(Object(App\Controllers\Lokasi))
12 SYSTEMPATH\CodeIgniter.php(355): CodeIgniter\CodeIgniter->handleRequest(null, Object(Config\Cache), false)
13 SYSTEMPATH\Boot.php(325): CodeIgniter\CodeIgniter->run()
14 SYSTEMPATH\Boot.php(67): CodeIgniter\Boot::runCodeIgniter(Object(CodeIgniter\CodeIgniter))
15 FCPATH\index.php(56): CodeIgniter\Boot::bootWeb(Object(Config\Paths))
CRITICAL - 2024-12-09 13:44:51 --> ErrorException: Undefined array key "nama_lokasi"
[Method: GET, Route: Lokasi/inputLokasi]
in APPPATH\Views\lokasi\v_input_lokasi.php on line 14.
 1 APPPATH\Views\lokasi\v_input_lokasi.php(14): CodeIgniter\Debug\Exceptions->errorHandler(2, 'Undefined array key "nama_lokasi"', 'C:\\xampp\\htdocs\\web_gis\\app\\Views\\lokasi\\v_input_lokasi.php', 14)
 2 SYSTEMPATH\View\View.php(234): include('C:\\xampp\\htdocs\\web_gis\\app\\Views\\lokasi\\v_input_lokasi.php')
 3 SYSTEMPATH\View\View.php(237): CodeIgniter\View\View->CodeIgniter\View\{closure}()
 4 SYSTEMPATH\Common.php(1171): CodeIgniter\View\View->render('lokasi/v_input_lokasi', [], true)
 5 APPPATH\Views\v_template.php(134): view('lokasi/v_input_lokasi')
 6 SYSTEMPATH\View\View.php(234): include('C:\\xampp\\htdocs\\web_gis\\app\\Views\\v_template.php')
 7 SYSTEMPATH\View\View.php(237): CodeIgniter\View\View->CodeIgniter\View\{closure}()
 8 SYSTEMPATH\Common.php(1171): CodeIgniter\View\View->render('v_template', [], true)
 9 APPPATH\Controllers\Lokasi.php(24): view('v_template', [...])
10 SYSTEMPATH\CodeIgniter.php(933): App\Controllers\Lokasi->inputLokasi()
11 SYSTEMPATH\CodeIgniter.php(509): CodeIgniter\CodeIgniter->runController(Object(App\Controllers\Lokasi))
12 SYSTEMPATH\CodeIgniter.php(355): CodeIgniter\CodeIgniter->handleRequest(null, Object(Config\Cache), false)
13 SYSTEMPATH\Boot.php(325): CodeIgniter\CodeIgniter->run()
14 SYSTEMPATH\Boot.php(67): CodeIgniter\Boot::runCodeIgniter(Object(CodeIgniter\CodeIgniter))
15 FCPATH\index.php(56): CodeIgniter\Boot::bootWeb(Object(Config\Paths))
CRITICAL - 2024-12-09 13:44:51 --> ErrorException: Undefined array key "nama_lokasi"
[Method: GET, Route: Lokasi/inputLokasi]
in APPPATH\Views\lokasi\v_input_lokasi.php on line 14.
 1 APPPATH\Views\lokasi\v_input_lokasi.php(14): CodeIgniter\Debug\Exceptions->errorHandler(2, 'Undefined array key "nama_lokasi"', 'C:\\xampp\\htdocs\\web_gis\\app\\Views\\lokasi\\v_input_lokasi.php', 14)
 2 SYSTEMPATH\View\View.php(234): include('C:\\xampp\\htdocs\\web_gis\\app\\Views\\lokasi\\v_input_lokasi.php')
 3 SYSTEMPATH\View\View.php(237): CodeIgniter\View\View->CodeIgniter\View\{closure}()
 4 SYSTEMPATH\Common.php(1171): CodeIgniter\View\View->render('lokasi/v_input_lokasi', [], true)
 5 APPPATH\Views\v_template.php(134): view('lokasi/v_input_lokasi')
 6 SYSTEMPATH\View\View.php(234): include('C:\\xampp\\htdocs\\web_gis\\app\\Views\\v_template.php')
 7 SYSTEMPATH\View\View.php(237): CodeIgniter\View\View->CodeIgniter\View\{closure}()
 8 SYSTEMPATH\Common.php(1171): CodeIgniter\View\View->render('v_template', [], true)
 9 APPPATH\Controllers\Lokasi.php(24): view('v_template', [...])
10 SYSTEMPATH\CodeIgniter.php(933): App\Controllers\Lokasi->inputLokasi()
11 SYSTEMPATH\CodeIgniter.php(509): CodeIgniter\CodeIgniter->runController(Object(App\Controllers\Lokasi))
12 SYSTEMPATH\CodeIgniter.php(355): CodeIgniter\CodeIgniter->handleRequest(null, Object(Config\Cache), false)
13 SYSTEMPATH\Boot.php(325): CodeIgniter\CodeIgniter->run()
14 SYSTEMPATH\Boot.php(67): CodeIgniter\Boot::runCodeIgniter(Object(CodeIgniter\CodeIgniter))
15 FCPATH\index.php(56): CodeIgniter\Boot::bootWeb(Object(Config\Paths))
CRITICAL - 2024-12-09 13:48:36 --> ErrorException: Undefined array key "nama_lokasi"
[Method: GET, Route: Lokasi/inputLokasi]
in APPPATH\Views\lokasi\v_input_lokasi.php on line 14.
 1 APPPATH\Views\lokasi\v_input_lokasi.php(14): CodeIgniter\Debug\Exceptions->errorHandler(2, 'Undefined array key "nama_lokasi"', 'C:\\xampp\\htdocs\\web_gis\\app\\Views\\lokasi\\v_input_lokasi.php', 14)
 2 SYSTEMPATH\View\View.php(234): include('C:\\xampp\\htdocs\\web_gis\\app\\Views\\lokasi\\v_input_lokasi.php')
 3 SYSTEMPATH\View\View.php(237): CodeIgniter\View\View->CodeIgniter\View\{closure}()
 4 SYSTEMPATH\Common.php(1171): CodeIgniter\View\View->render('lokasi/v_input_lokasi', [], true)
 5 APPPATH\Views\v_template.php(134): view('lokasi/v_input_lokasi')
 6 SYSTEMPATH\View\View.php(234): include('C:\\xampp\\htdocs\\web_gis\\app\\Views\\v_template.php')
 7 SYSTEMPATH\View\View.php(237): CodeIgniter\View\View->CodeIgniter\View\{closure}()
 8 SYSTEMPATH\Common.php(1171): CodeIgniter\View\View->render('v_template', [], true)
 9 APPPATH\Controllers\Lokasi.php(24): view('v_template', [...])
10 SYSTEMPATH\CodeIgniter.php(933): App\Controllers\Lokasi->inputLokasi()
11 SYSTEMPATH\CodeIgniter.php(509): CodeIgniter\CodeIgniter->runController(Object(App\Controllers\Lokasi))
12 SYSTEMPATH\CodeIgniter.php(355): CodeIgniter\CodeIgniter->handleRequest(null, Object(Config\Cache), false)
13 SYSTEMPATH\Boot.php(325): CodeIgniter\CodeIgniter->run()
14 SYSTEMPATH\Boot.php(67): CodeIgniter\Boot::runCodeIgniter(Object(CodeIgniter\CodeIgniter))
15 FCPATH\index.php(56): CodeIgniter\Boot::bootWeb(Object(Config\Paths))
CRITICAL - 2024-12-09 13:48:56 --> ErrorException: Undefined array key "nama_lokasi"
[Method: GET, Route: Lokasi/inputLokasi]
in APPPATH\Views\lokasi\v_input_lokasi.php on line 14.
 1 APPPATH\Views\lokasi\v_input_lokasi.php(14): CodeIgniter\Debug\Exceptions->errorHandler(2, 'Undefined array key "nama_lokasi"', 'C:\\xampp\\htdocs\\web_gis\\app\\Views\\lokasi\\v_input_lokasi.php', 14)
 2 SYSTEMPATH\View\View.php(234): include('C:\\xampp\\htdocs\\web_gis\\app\\Views\\lokasi\\v_input_lokasi.php')
 3 SYSTEMPATH\View\View.php(237): CodeIgniter\View\View->CodeIgniter\View\{closure}()
 4 SYSTEMPATH\Common.php(1171): CodeIgniter\View\View->render('lokasi/v_input_lokasi', [], true)
 5 APPPATH\Views\v_template.php(134): view('lokasi/v_input_lokasi')
 6 SYSTEMPATH\View\View.php(234): include('C:\\xampp\\htdocs\\web_gis\\app\\Views\\v_template.php')
 7 SYSTEMPATH\View\View.php(237): CodeIgniter\View\View->CodeIgniter\View\{closure}()
 8 SYSTEMPATH\Common.php(1171): CodeIgniter\View\View->render('v_template', [], true)
 9 APPPATH\Controllers\Lokasi.php(24): view('v_template', [...])
10 SYSTEMPATH\CodeIgniter.php(933): App\Controllers\Lokasi->inputLokasi()
11 SYSTEMPATH\CodeIgniter.php(509): CodeIgniter\CodeIgniter->runController(Object(App\Controllers\Lokasi))
12 SYSTEMPATH\CodeIgniter.php(355): CodeIgniter\CodeIgniter->handleRequest(null, Object(Config\Cache), false)
13 SYSTEMPATH\Boot.php(325): CodeIgniter\CodeIgniter->run()
14 SYSTEMPATH\Boot.php(67): CodeIgniter\Boot::runCodeIgniter(Object(CodeIgniter\CodeIgniter))
15 FCPATH\index.php(56): CodeIgniter\Boot::bootWeb(Object(Config\Paths))
CRITICAL - 2024-12-09 14:06:20 --> ErrorException: Undefined array key "nama_lokasi"
[Method: GET, Route: Lokasi/inputLokasi]
in APPPATH\Views\lokasi\v_input_lokasi.php on line 14.
 1 APPPATH\Views\lokasi\v_input_lokasi.php(14): CodeIgniter\Debug\Exceptions->errorHandler(2, 'Undefined array key "nama_lokasi"', 'C:\\xampp\\htdocs\\web_gis\\app\\Views\\lokasi\\v_input_lokasi.php', 14)
 2 SYSTEMPATH\View\View.php(234): include('C:\\xampp\\htdocs\\web_gis\\app\\Views\\lokasi\\v_input_lokasi.php')
 3 SYSTEMPATH\View\View.php(237): CodeIgniter\View\View->CodeIgniter\View\{closure}()
 4 SYSTEMPATH\Common.php(1171): CodeIgniter\View\View->render('lokasi/v_input_lokasi', [], true)
 5 APPPATH\Views\v_template.php(134): view('lokasi/v_input_lokasi')
 6 SYSTEMPATH\View\View.php(234): include('C:\\xampp\\htdocs\\web_gis\\app\\Views\\v_template.php')
 7 SYSTEMPATH\View\View.php(237): CodeIgniter\View\View->CodeIgniter\View\{closure}()
 8 SYSTEMPATH\Common.php(1171): CodeIgniter\View\View->render('v_template', [], true)
 9 APPPATH\Controllers\Lokasi.php(24): view('v_template', [...])
10 SYSTEMPATH\CodeIgniter.php(933): App\Controllers\Lokasi->inputLokasi()
11 SYSTEMPATH\CodeIgniter.php(509): CodeIgniter\CodeIgniter->runController(Object(App\Controllers\Lokasi))
12 SYSTEMPATH\CodeIgniter.php(355): CodeIgniter\CodeIgniter->handleRequest(null, Object(Config\Cache), false)
13 SYSTEMPATH\Boot.php(325): CodeIgniter\CodeIgniter->run()
14 SYSTEMPATH\Boot.php(67): CodeIgniter\Boot::runCodeIgniter(Object(CodeIgniter\CodeIgniter))
15 FCPATH\index.php(56): CodeIgniter\Boot::bootWeb(Object(Config\Paths))
CRITICAL - 2024-12-09 14:06:24 --> ErrorException: Undefined array key "nama_lokasi"
[Method: GET, Route: Lokasi/inputLokasi]
in APPPATH\Views\lokasi\v_input_lokasi.php on line 14.
 1 APPPATH\Views\lokasi\v_input_lokasi.php(14): CodeIgniter\Debug\Exceptions->errorHandler(2, 'Undefined array key "nama_lokasi"', 'C:\\xampp\\htdocs\\web_gis\\app\\Views\\lokasi\\v_input_lokasi.php', 14)
 2 SYSTEMPATH\View\View.php(234): include('C:\\xampp\\htdocs\\web_gis\\app\\Views\\lokasi\\v_input_lokasi.php')
 3 SYSTEMPATH\View\View.php(237): CodeIgniter\View\View->CodeIgniter\View\{closure}()
 4 SYSTEMPATH\Common.php(1171): CodeIgniter\View\View->render('lokasi/v_input_lokasi', [], true)
 5 APPPATH\Views\v_template.php(134): view('lokasi/v_input_lokasi')
 6 SYSTEMPATH\View\View.php(234): include('C:\\xampp\\htdocs\\web_gis\\app\\Views\\v_template.php')
 7 SYSTEMPATH\View\View.php(237): CodeIgniter\View\View->CodeIgniter\View\{closure}()
 8 SYSTEMPATH\Common.php(1171): CodeIgniter\View\View->render('v_template', [], true)
 9 APPPATH\Controllers\Lokasi.php(24): view('v_template', [...])
10 SYSTEMPATH\CodeIgniter.php(933): App\Controllers\Lokasi->inputLokasi()
11 SYSTEMPATH\CodeIgniter.php(509): CodeIgniter\CodeIgniter->runController(Object(App\Controllers\Lokasi))
12 SYSTEMPATH\CodeIgniter.php(355): CodeIgniter\CodeIgniter->handleRequest(null, Object(Config\Cache), false)
13 SYSTEMPATH\Boot.php(325): CodeIgniter\CodeIgniter->run()
14 SYSTEMPATH\Boot.php(67): CodeIgniter\Boot::runCodeIgniter(Object(CodeIgniter\CodeIgniter))
15 FCPATH\index.php(56): CodeIgniter\Boot::bootWeb(Object(Config\Paths))
CRITICAL - 2024-12-09 14:06:25 --> ErrorException: Undefined array key "nama_lokasi"
[Method: GET, Route: Lokasi/inputLokasi]
in APPPATH\Views\lokasi\v_input_lokasi.php on line 14.
 1 APPPATH\Views\lokasi\v_input_lokasi.php(14): CodeIgniter\Debug\Exceptions->errorHandler(2, 'Undefined array key "nama_lokasi"', 'C:\\xampp\\htdocs\\web_gis\\app\\Views\\lokasi\\v_input_lokasi.php', 14)
 2 SYSTEMPATH\View\View.php(234): include('C:\\xampp\\htdocs\\web_gis\\app\\Views\\lokasi\\v_input_lokasi.php')
 3 SYSTEMPATH\View\View.php(237): CodeIgniter\View\View->CodeIgniter\View\{closure}()
 4 SYSTEMPATH\Common.php(1171): CodeIgniter\View\View->render('lokasi/v_input_lokasi', [], true)
 5 APPPATH\Views\v_template.php(134): view('lokasi/v_input_lokasi')
 6 SYSTEMPATH\View\View.php(234): include('C:\\xampp\\htdocs\\web_gis\\app\\Views\\v_template.php')
 7 SYSTEMPATH\View\View.php(237): CodeIgniter\View\View->CodeIgniter\View\{closure}()
 8 SYSTEMPATH\Common.php(1171): CodeIgniter\View\View->render('v_template', [], true)
 9 APPPATH\Controllers\Lokasi.php(24): view('v_template', [...])
10 SYSTEMPATH\CodeIgniter.php(933): App\Controllers\Lokasi->inputLokasi()
11 SYSTEMPATH\CodeIgniter.php(509): CodeIgniter\CodeIgniter->runController(Object(App\Controllers\Lokasi))
12 SYSTEMPATH\CodeIgniter.php(355): CodeIgniter\CodeIgniter->handleRequest(null, Object(Config\Cache), false)
13 SYSTEMPATH\Boot.php(325): CodeIgniter\CodeIgniter->run()
14 SYSTEMPATH\Boot.php(67): CodeIgniter\Boot::runCodeIgniter(Object(CodeIgniter\CodeIgniter))
15 FCPATH\index.php(56): CodeIgniter\Boot::bootWeb(Object(Config\Paths))
CRITICAL - 2024-12-09 14:11:39 --> ErrorException: Undefined array key "nama_lokasi"
[Method: GET, Route: Lokasi/inputLokasi]
in APPPATH\Views\lokasi\v_input_lokasi.php on line 14.
 1 APPPATH\Views\lokasi\v_input_lokasi.php(14): CodeIgniter\Debug\Exceptions->errorHandler(2, 'Undefined array key "nama_lokasi"', 'C:\\xampp\\htdocs\\web_gis\\app\\Views\\lokasi\\v_input_lokasi.php', 14)
 2 SYSTEMPATH\View\View.php(234): include('C:\\xampp\\htdocs\\web_gis\\app\\Views\\lokasi\\v_input_lokasi.php')
 3 SYSTEMPATH\View\View.php(237): CodeIgniter\View\View->CodeIgniter\View\{closure}()
 4 SYSTEMPATH\Common.php(1171): CodeIgniter\View\View->render('lokasi/v_input_lokasi', [], true)
 5 APPPATH\Views\v_template.php(134): view('lokasi/v_input_lokasi')
 6 SYSTEMPATH\View\View.php(234): include('C:\\xampp\\htdocs\\web_gis\\app\\Views\\v_template.php')
 7 SYSTEMPATH\View\View.php(237): CodeIgniter\View\View->CodeIgniter\View\{closure}()
 8 SYSTEMPATH\Common.php(1171): CodeIgniter\View\View->render('v_template', [], true)
 9 APPPATH\Controllers\Lokasi.php(24): view('v_template', [...])
10 SYSTEMPATH\CodeIgniter.php(933): App\Controllers\Lokasi->inputLokasi()
11 SYSTEMPATH\CodeIgniter.php(509): CodeIgniter\CodeIgniter->runController(Object(App\Controllers\Lokasi))
12 SYSTEMPATH\CodeIgniter.php(355): CodeIgniter\CodeIgniter->handleRequest(null, Object(Config\Cache), false)
13 SYSTEMPATH\Boot.php(325): CodeIgniter\CodeIgniter->run()
14 SYSTEMPATH\Boot.php(67): CodeIgniter\Boot::runCodeIgniter(Object(CodeIgniter\CodeIgniter))
15 FCPATH\index.php(56): CodeIgniter\Boot::bootWeb(Object(Config\Paths))
CRITICAL - 2024-12-09 14:11:43 --> ErrorException: Undefined array key "nama_lokasi"
[Method: GET, Route: Lokasi/inputLokasi]
in APPPATH\Views\lokasi\v_input_lokasi.php on line 14.
 1 APPPATH\Views\lokasi\v_input_lokasi.php(14): CodeIgniter\Debug\Exceptions->errorHandler(2, 'Undefined array key "nama_lokasi"', 'C:\\xampp\\htdocs\\web_gis\\app\\Views\\lokasi\\v_input_lokasi.php', 14)
 2 SYSTEMPATH\View\View.php(234): include('C:\\xampp\\htdocs\\web_gis\\app\\Views\\lokasi\\v_input_lokasi.php')
 3 SYSTEMPATH\View\View.php(237): CodeIgniter\View\View->CodeIgniter\View\{closure}()
 4 SYSTEMPATH\Common.php(1171): CodeIgniter\View\View->render('lokasi/v_input_lokasi', [], true)
 5 APPPATH\Views\v_template.php(134): view('lokasi/v_input_lokasi')
 6 SYSTEMPATH\View\View.php(234): include('C:\\xampp\\htdocs\\web_gis\\app\\Views\\v_template.php')
 7 SYSTEMPATH\View\View.php(237): CodeIgniter\View\View->CodeIgniter\View\{closure}()
 8 SYSTEMPATH\Common.php(1171): CodeIgniter\View\View->render('v_template', [], true)
 9 APPPATH\Controllers\Lokasi.php(24): view('v_template', [...])
10 SYSTEMPATH\CodeIgniter.php(933): App\Controllers\Lokasi->inputLokasi()
11 SYSTEMPATH\CodeIgniter.php(509): CodeIgniter\CodeIgniter->runController(Object(App\Controllers\Lokasi))
12 SYSTEMPATH\CodeIgniter.php(355): CodeIgniter\CodeIgniter->handleRequest(null, Object(Config\Cache), false)
13 SYSTEMPATH\Boot.php(325): CodeIgniter\CodeIgniter->run()
14 SYSTEMPATH\Boot.php(67): CodeIgniter\Boot::runCodeIgniter(Object(CodeIgniter\CodeIgniter))
15 FCPATH\index.php(56): CodeIgniter\Boot::bootWeb(Object(Config\Paths))
CRITICAL - 2024-12-09 14:14:01 --> ErrorException: Undefined array key "nama_lokasi"
[Method: GET, Route: Lokasi/inputLokasi]
in APPPATH\Views\lokasi\v_input_lokasi.php on line 14.
 1 APPPATH\Views\lokasi\v_input_lokasi.php(14): CodeIgniter\Debug\Exceptions->errorHandler(2, 'Undefined array key "nama_lokasi"', 'C:\\xampp\\htdocs\\web_gis\\app\\Views\\lokasi\\v_input_lokasi.php', 14)
 2 SYSTEMPATH\View\View.php(234): include('C:\\xampp\\htdocs\\web_gis\\app\\Views\\lokasi\\v_input_lokasi.php')
 3 SYSTEMPATH\View\View.php(237): CodeIgniter\View\View->CodeIgniter\View\{closure}()
 4 SYSTEMPATH\Common.php(1171): CodeIgniter\View\View->render('lokasi/v_input_lokasi', [], true)
 5 APPPATH\Views\v_template.php(134): view('lokasi/v_input_lokasi')
 6 SYSTEMPATH\View\View.php(234): include('C:\\xampp\\htdocs\\web_gis\\app\\Views\\v_template.php')
 7 SYSTEMPATH\View\View.php(237): CodeIgniter\View\View->CodeIgniter\View\{closure}()
 8 SYSTEMPATH\Common.php(1171): CodeIgniter\View\View->render('v_template', [], true)
 9 APPPATH\Controllers\Lokasi.php(24): view('v_template', [...])
10 SYSTEMPATH\CodeIgniter.php(933): App\Controllers\Lokasi->inputLokasi()
11 SYSTEMPATH\CodeIgniter.php(509): CodeIgniter\CodeIgniter->runController(Object(App\Controllers\Lokasi))
12 SYSTEMPATH\CodeIgniter.php(355): CodeIgniter\CodeIgniter->handleRequest(null, Object(Config\Cache), false)
13 SYSTEMPATH\Boot.php(325): CodeIgniter\CodeIgniter->run()
14 SYSTEMPATH\Boot.php(67): CodeIgniter\Boot::runCodeIgniter(Object(CodeIgniter\CodeIgniter))
15 FCPATH\index.php(56): CodeIgniter\Boot::bootWeb(Object(Config\Paths))
CRITICAL - 2024-12-09 14:14:53 --> ErrorException: Undefined array key "nama_lokasi"
[Method: GET, Route: Lokasi/inputLokasi]
in APPPATH\Views\lokasi\v_input_lokasi.php on line 14.
 1 APPPATH\Views\lokasi\v_input_lokasi.php(14): CodeIgniter\Debug\Exceptions->errorHandler(2, 'Undefined array key "nama_lokasi"', 'C:\\xampp\\htdocs\\web_gis\\app\\Views\\lokasi\\v_input_lokasi.php', 14)
 2 SYSTEMPATH\View\View.php(234): include('C:\\xampp\\htdocs\\web_gis\\app\\Views\\lokasi\\v_input_lokasi.php')
 3 SYSTEMPATH\View\View.php(237): CodeIgniter\View\View->CodeIgniter\View\{closure}()
 4 SYSTEMPATH\Common.php(1171): CodeIgniter\View\View->render('lokasi/v_input_lokasi', [], true)
 5 APPPATH\Views\v_template.php(134): view('lokasi/v_input_lokasi')
 6 SYSTEMPATH\View\View.php(234): include('C:\\xampp\\htdocs\\web_gis\\app\\Views\\v_template.php')
 7 SYSTEMPATH\View\View.php(237): CodeIgniter\View\View->CodeIgniter\View\{closure}()
 8 SYSTEMPATH\Common.php(1171): CodeIgniter\View\View->render('v_template', [], true)
 9 APPPATH\Controllers\Lokasi.php(23): view('v_template', [...])
10 SYSTEMPATH\CodeIgniter.php(933): App\Controllers\Lokasi->inputLokasi()
11 SYSTEMPATH\CodeIgniter.php(509): CodeIgniter\CodeIgniter->runController(Object(App\Controllers\Lokasi))
12 SYSTEMPATH\CodeIgniter.php(355): CodeIgniter\CodeIgniter->handleRequest(null, Object(Config\Cache), false)
13 SYSTEMPATH\Boot.php(325): CodeIgniter\CodeIgniter->run()
14 SYSTEMPATH\Boot.php(67): CodeIgniter\Boot::runCodeIgniter(Object(CodeIgniter\CodeIgniter))
15 FCPATH\index.php(56): CodeIgniter\Boot::bootWeb(Object(Config\Paths))
CRITICAL - 2024-12-09 14:14:59 --> ErrorException: Undefined array key "nama_lokasi"
[Method: GET, Route: Lokasi/inputLokasi]
in APPPATH\Views\lokasi\v_input_lokasi.php on line 14.
 1 APPPATH\Views\lokasi\v_input_lokasi.php(14): CodeIgniter\Debug\Exceptions->errorHandler(2, 'Undefined array key "nama_lokasi"', 'C:\\xampp\\htdocs\\web_gis\\app\\Views\\lokasi\\v_input_lokasi.php', 14)
 2 SYSTEMPATH\View\View.php(234): include('C:\\xampp\\htdocs\\web_gis\\app\\Views\\lokasi\\v_input_lokasi.php')
 3 SYSTEMPATH\View\View.php(237): CodeIgniter\View\View->CodeIgniter\View\{closure}()
 4 SYSTEMPATH\Common.php(1171): CodeIgniter\View\View->render('lokasi/v_input_lokasi', [], true)
 5 APPPATH\Views\v_template.php(134): view('lokasi/v_input_lokasi')
 6 SYSTEMPATH\View\View.php(234): include('C:\\xampp\\htdocs\\web_gis\\app\\Views\\v_template.php')
 7 SYSTEMPATH\View\View.php(237): CodeIgniter\View\View->CodeIgniter\View\{closure}()
 8 SYSTEMPATH\Common.php(1171): CodeIgniter\View\View->render('v_template', [], true)
 9 APPPATH\Controllers\Lokasi.php(23): view('v_template', [...])
10 SYSTEMPATH\CodeIgniter.php(933): App\Controllers\Lokasi->inputLokasi()
11 SYSTEMPATH\CodeIgniter.php(509): CodeIgniter\CodeIgniter->runController(Object(App\Controllers\Lokasi))
12 SYSTEMPATH\CodeIgniter.php(355): CodeIgniter\CodeIgniter->handleRequest(null, Object(Config\Cache), false)
13 SYSTEMPATH\Boot.php(325): CodeIgniter\CodeIgniter->run()
14 SYSTEMPATH\Boot.php(67): CodeIgniter\Boot::runCodeIgniter(Object(CodeIgniter\CodeIgniter))
15 FCPATH\index.php(56): CodeIgniter\Boot::bootWeb(Object(Config\Paths))
CRITICAL - 2024-12-09 14:15:13 --> ErrorException: Undefined array key "nama_lokasi"
[Method: GET, Route: Lokasi/inputLokasi]
in APPPATH\Views\lokasi\v_input_lokasi.php on line 14.
 1 APPPATH\Views\lokasi\v_input_lokasi.php(14): CodeIgniter\Debug\Exceptions->errorHandler(2, 'Undefined array key "nama_lokasi"', 'C:\\xampp\\htdocs\\web_gis\\app\\Views\\lokasi\\v_input_lokasi.php', 14)
 2 SYSTEMPATH\View\View.php(234): include('C:\\xampp\\htdocs\\web_gis\\app\\Views\\lokasi\\v_input_lokasi.php')
 3 SYSTEMPATH\View\View.php(237): CodeIgniter\View\View->CodeIgniter\View\{closure}()
 4 SYSTEMPATH\Common.php(1171): CodeIgniter\View\View->render('lokasi/v_input_lokasi', [], true)
 5 APPPATH\Views\v_template.php(134): view('lokasi/v_input_lokasi')
 6 SYSTEMPATH\View\View.php(234): include('C:\\xampp\\htdocs\\web_gis\\app\\Views\\v_template.php')
 7 SYSTEMPATH\View\View.php(237): CodeIgniter\View\View->CodeIgniter\View\{closure}()
 8 SYSTEMPATH\Common.php(1171): CodeIgniter\View\View->render('v_template', [], true)
 9 APPPATH\Controllers\Lokasi.php(23): view('v_template', [...])
10 SYSTEMPATH\CodeIgniter.php(933): App\Controllers\Lokasi->inputLokasi()
11 SYSTEMPATH\CodeIgniter.php(509): CodeIgniter\CodeIgniter->runController(Object(App\Controllers\Lokasi))
12 SYSTEMPATH\CodeIgniter.php(355): CodeIgniter\CodeIgniter->handleRequest(null, Object(Config\Cache), false)
13 SYSTEMPATH\Boot.php(325): CodeIgniter\CodeIgniter->run()
14 SYSTEMPATH\Boot.php(67): CodeIgniter\Boot::runCodeIgniter(Object(CodeIgniter\CodeIgniter))
15 FCPATH\index.php(56): CodeIgniter\Boot::bootWeb(Object(Config\Paths))
CRITICAL - 2024-12-09 14:18:58 --> ErrorException: Undefined array key "nama_lokasi"
[Method: GET, Route: Lokasi/inputLokasi]
in APPPATH\Views\lokasi\v_input_lokasi.php on line 14.
 1 APPPATH\Views\lokasi\v_input_lokasi.php(14): CodeIgniter\Debug\Exceptions->errorHandler(2, 'Undefined array key "nama_lokasi"', 'C:\\xampp\\htdocs\\web_gis\\app\\Views\\lokasi\\v_input_lokasi.php', 14)
 2 SYSTEMPATH\View\View.php(234): include('C:\\xampp\\htdocs\\web_gis\\app\\Views\\lokasi\\v_input_lokasi.php')
 3 SYSTEMPATH\View\View.php(237): CodeIgniter\View\View->CodeIgniter\View\{closure}()
 4 SYSTEMPATH\Common.php(1171): CodeIgniter\View\View->render('lokasi/v_input_lokasi', [], true)
 5 APPPATH\Views\v_template.php(134): view('lokasi/v_input_lokasi')
 6 SYSTEMPATH\View\View.php(234): include('C:\\xampp\\htdocs\\web_gis\\app\\Views\\v_template.php')
 7 SYSTEMPATH\View\View.php(237): CodeIgniter\View\View->CodeIgniter\View\{closure}()
 8 SYSTEMPATH\Common.php(1171): CodeIgniter\View\View->render('v_template', [], true)
 9 APPPATH\Controllers\Lokasi.php(23): view('v_template', [...])
10 SYSTEMPATH\CodeIgniter.php(933): App\Controllers\Lokasi->inputLokasi()
11 SYSTEMPATH\CodeIgniter.php(509): CodeIgniter\CodeIgniter->runController(Object(App\Controllers\Lokasi))
12 SYSTEMPATH\CodeIgniter.php(355): CodeIgniter\CodeIgniter->handleRequest(null, Object(Config\Cache), false)
13 SYSTEMPATH\Boot.php(325): CodeIgniter\CodeIgniter->run()
14 SYSTEMPATH\Boot.php(67): CodeIgniter\Boot::runCodeIgniter(Object(CodeIgniter\CodeIgniter))
15 FCPATH\index.php(56): CodeIgniter\Boot::bootWeb(Object(Config\Paths))
CRITICAL - 2024-12-09 14:19:09 --> ErrorException: Undefined array key "nama_lokasi"
[Method: GET, Route: Lokasi/inputLokasi]
in APPPATH\Views\lokasi\v_input_lokasi.php on line 14.
 1 APPPATH\Views\lokasi\v_input_lokasi.php(14): CodeIgniter\Debug\Exceptions->errorHandler(2, 'Undefined array key "nama_lokasi"', 'C:\\xampp\\htdocs\\web_gis\\app\\Views\\lokasi\\v_input_lokasi.php', 14)
 2 SYSTEMPATH\View\View.php(234): include('C:\\xampp\\htdocs\\web_gis\\app\\Views\\lokasi\\v_input_lokasi.php')
 3 SYSTEMPATH\View\View.php(237): CodeIgniter\View\View->CodeIgniter\View\{closure}()
 4 SYSTEMPATH\Common.php(1171): CodeIgniter\View\View->render('lokasi/v_input_lokasi', [], true)
 5 APPPATH\Views\v_template.php(134): view('lokasi/v_input_lokasi')
 6 SYSTEMPATH\View\View.php(234): include('C:\\xampp\\htdocs\\web_gis\\app\\Views\\v_template.php')
 7 SYSTEMPATH\View\View.php(237): CodeIgniter\View\View->CodeIgniter\View\{closure}()
 8 SYSTEMPATH\Common.php(1171): CodeIgniter\View\View->render('v_template', [], true)
 9 APPPATH\Controllers\Lokasi.php(23): view('v_template', [...])
10 SYSTEMPATH\CodeIgniter.php(933): App\Controllers\Lokasi->inputLokasi()
11 SYSTEMPATH\CodeIgniter.php(509): CodeIgniter\CodeIgniter->runController(Object(App\Controllers\Lokasi))
12 SYSTEMPATH\CodeIgniter.php(355): CodeIgniter\CodeIgniter->handleRequest(null, Object(Config\Cache), false)
13 SYSTEMPATH\Boot.php(325): CodeIgniter\CodeIgniter->run()
14 SYSTEMPATH\Boot.php(67): CodeIgniter\Boot::runCodeIgniter(Object(CodeIgniter\CodeIgniter))
15 FCPATH\index.php(56): CodeIgniter\Boot::bootWeb(Object(Config\Paths))
CRITICAL - 2024-12-09 14:24:52 --> ErrorException: Undefined array key "nama_lokasi"
[Method: GET, Route: Lokasi/inputLokasi]
in APPPATH\Views\lokasi\v_input_lokasi.php on line 14.
 1 APPPATH\Views\lokasi\v_input_lokasi.php(14): CodeIgniter\Debug\Exceptions->errorHandler(2, 'Undefined array key "nama_lokasi"', 'C:\\xampp\\htdocs\\web_gis\\app\\Views\\lokasi\\v_input_lokasi.php', 14)
 2 SYSTEMPATH\View\View.php(234): include('C:\\xampp\\htdocs\\web_gis\\app\\Views\\lokasi\\v_input_lokasi.php')
 3 SYSTEMPATH\View\View.php(237): CodeIgniter\View\View->CodeIgniter\View\{closure}()
 4 SYSTEMPATH\Common.php(1171): CodeIgniter\View\View->render('lokasi/v_input_lokasi', [], true)
 5 APPPATH\Views\v_template.php(134): view('lokasi/v_input_lokasi')
 6 SYSTEMPATH\View\View.php(234): include('C:\\xampp\\htdocs\\web_gis\\app\\Views\\v_template.php')
 7 SYSTEMPATH\View\View.php(237): CodeIgniter\View\View->CodeIgniter\View\{closure}()
 8 SYSTEMPATH\Common.php(1171): CodeIgniter\View\View->render('v_template', [], true)
 9 APPPATH\Controllers\Lokasi.php(23): view('v_template', [...])
10 SYSTEMPATH\CodeIgniter.php(933): App\Controllers\Lokasi->inputLokasi()
11 SYSTEMPATH\CodeIgniter.php(509): CodeIgniter\CodeIgniter->runController(Object(App\Controllers\Lokasi))
12 SYSTEMPATH\CodeIgniter.php(355): CodeIgniter\CodeIgniter->handleRequest(null, Object(Config\Cache), false)
13 SYSTEMPATH\Boot.php(325): CodeIgniter\CodeIgniter->run()
14 SYSTEMPATH\Boot.php(67): CodeIgniter\Boot::runCodeIgniter(Object(CodeIgniter\CodeIgniter))
15 FCPATH\index.php(56): CodeIgniter\Boot::bootWeb(Object(Config\Paths))
CRITICAL - 2024-12-09 14:25:11 --> ErrorException: Undefined array key "nama_lokasi"
[Method: GET, Route: Lokasi/inputLokasi]
in APPPATH\Views\lokasi\v_input_lokasi.php on line 14.
 1 APPPATH\Views\lokasi\v_input_lokasi.php(14): CodeIgniter\Debug\Exceptions->errorHandler(2, 'Undefined array key "nama_lokasi"', 'C:\\xampp\\htdocs\\web_gis\\app\\Views\\lokasi\\v_input_lokasi.php', 14)
 2 SYSTEMPATH\View\View.php(234): include('C:\\xampp\\htdocs\\web_gis\\app\\Views\\lokasi\\v_input_lokasi.php')
 3 SYSTEMPATH\View\View.php(237): CodeIgniter\View\View->CodeIgniter\View\{closure}()
 4 SYSTEMPATH\Common.php(1171): CodeIgniter\View\View->render('lokasi/v_input_lokasi', [], true)
 5 APPPATH\Views\v_template.php(134): view('lokasi/v_input_lokasi')
 6 SYSTEMPATH\View\View.php(234): include('C:\\xampp\\htdocs\\web_gis\\app\\Views\\v_template.php')
 7 SYSTEMPATH\View\View.php(237): CodeIgniter\View\View->CodeIgniter\View\{closure}()
 8 SYSTEMPATH\Common.php(1171): CodeIgniter\View\View->render('v_template', [], true)
 9 APPPATH\Controllers\Lokasi.php(23): view('v_template', [...])
10 SYSTEMPATH\CodeIgniter.php(933): App\Controllers\Lokasi->inputLokasi()
11 SYSTEMPATH\CodeIgniter.php(509): CodeIgniter\CodeIgniter->runController(Object(App\Controllers\Lokasi))
12 SYSTEMPATH\CodeIgniter.php(355): CodeIgniter\CodeIgniter->handleRequest(null, Object(Config\Cache), false)
13 SYSTEMPATH\Boot.php(325): CodeIgniter\CodeIgniter->run()
14 SYSTEMPATH\Boot.php(67): CodeIgniter\Boot::runCodeIgniter(Object(CodeIgniter\CodeIgniter))
15 FCPATH\index.php(56): CodeIgniter\Boot::bootWeb(Object(Config\Paths))
CRITICAL - 2024-12-09 14:26:04 --> ErrorException: Undefined array key "nama_lokasi"
[Method: GET, Route: Lokasi/inputLokasi]
in APPPATH\Views\lokasi\v_input_lokasi.php on line 14.
 1 APPPATH\Views\lokasi\v_input_lokasi.php(14): CodeIgniter\Debug\Exceptions->errorHandler(2, 'Undefined array key "nama_lokasi"', 'C:\\xampp\\htdocs\\web_gis\\app\\Views\\lokasi\\v_input_lokasi.php', 14)
 2 SYSTEMPATH\View\View.php(234): include('C:\\xampp\\htdocs\\web_gis\\app\\Views\\lokasi\\v_input_lokasi.php')
 3 SYSTEMPATH\View\View.php(237): CodeIgniter\View\View->CodeIgniter\View\{closure}()
 4 SYSTEMPATH\Common.php(1171): CodeIgniter\View\View->render('lokasi/v_input_lokasi', [], true)
 5 APPPATH\Views\v_template.php(134): view('lokasi/v_input_lokasi')
 6 SYSTEMPATH\View\View.php(234): include('C:\\xampp\\htdocs\\web_gis\\app\\Views\\v_template.php')
 7 SYSTEMPATH\View\View.php(237): CodeIgniter\View\View->CodeIgniter\View\{closure}()
 8 SYSTEMPATH\Common.php(1171): CodeIgniter\View\View->render('v_template', [], true)
 9 APPPATH\Controllers\Lokasi.php(23): view('v_template', [...])
10 SYSTEMPATH\CodeIgniter.php(933): App\Controllers\Lokasi->inputLokasi()
11 SYSTEMPATH\CodeIgniter.php(509): CodeIgniter\CodeIgniter->runController(Object(App\Controllers\Lokasi))
12 SYSTEMPATH\CodeIgniter.php(355): CodeIgniter\CodeIgniter->handleRequest(null, Object(Config\Cache), false)
13 SYSTEMPATH\Boot.php(325): CodeIgniter\CodeIgniter->run()
14 SYSTEMPATH\Boot.php(67): CodeIgniter\Boot::runCodeIgniter(Object(CodeIgniter\CodeIgniter))
15 FCPATH\index.php(56): CodeIgniter\Boot::bootWeb(Object(Config\Paths))
CRITICAL - 2024-12-09 14:29:17 --> ErrorException: Undefined array key "nama_lokasi"
[Method: GET, Route: Lokasi/inputLokasi]
in APPPATH\Views\lokasi\v_input_lokasi.php on line 14.
 1 APPPATH\Views\lokasi\v_input_lokasi.php(14): CodeIgniter\Debug\Exceptions->errorHandler(2, 'Undefined array key "nama_lokasi"', 'C:\\xampp\\htdocs\\web_gis\\app\\Views\\lokasi\\v_input_lokasi.php', 14)
 2 SYSTEMPATH\View\View.php(234): include('C:\\xampp\\htdocs\\web_gis\\app\\Views\\lokasi\\v_input_lokasi.php')
 3 SYSTEMPATH\View\View.php(237): CodeIgniter\View\View->CodeIgniter\View\{closure}()
 4 SYSTEMPATH\Common.php(1171): CodeIgniter\View\View->render('lokasi/v_input_lokasi', [], true)
 5 APPPATH\Views\v_template.php(134): view('lokasi/v_input_lokasi')
 6 SYSTEMPATH\View\View.php(234): include('C:\\xampp\\htdocs\\web_gis\\app\\Views\\v_template.php')
 7 SYSTEMPATH\View\View.php(237): CodeIgniter\View\View->CodeIgniter\View\{closure}()
 8 SYSTEMPATH\Common.php(1171): CodeIgniter\View\View->render('v_template', [], true)
 9 APPPATH\Controllers\Lokasi.php(23): view('v_template', [...])
10 SYSTEMPATH\CodeIgniter.php(933): App\Controllers\Lokasi->inputLokasi()
11 SYSTEMPATH\CodeIgniter.php(509): CodeIgniter\CodeIgniter->runController(Object(App\Controllers\Lokasi))
12 SYSTEMPATH\CodeIgniter.php(355): CodeIgniter\CodeIgniter->handleRequest(null, Object(Config\Cache), false)
13 SYSTEMPATH\Boot.php(325): CodeIgniter\CodeIgniter->run()
14 SYSTEMPATH\Boot.php(67): CodeIgniter\Boot::runCodeIgniter(Object(CodeIgniter\CodeIgniter))
15 FCPATH\index.php(56): CodeIgniter\Boot::bootWeb(Object(Config\Paths))
CRITICAL - 2024-12-09 14:29:18 --> ErrorException: Undefined array key "nama_lokasi"
[Method: GET, Route: Lokasi/inputLokasi]
in APPPATH\Views\lokasi\v_input_lokasi.php on line 14.
 1 APPPATH\Views\lokasi\v_input_lokasi.php(14): CodeIgniter\Debug\Exceptions->errorHandler(2, 'Undefined array key "nama_lokasi"', 'C:\\xampp\\htdocs\\web_gis\\app\\Views\\lokasi\\v_input_lokasi.php', 14)
 2 SYSTEMPATH\View\View.php(234): include('C:\\xampp\\htdocs\\web_gis\\app\\Views\\lokasi\\v_input_lokasi.php')
 3 SYSTEMPATH\View\View.php(237): CodeIgniter\View\View->CodeIgniter\View\{closure}()
 4 SYSTEMPATH\Common.php(1171): CodeIgniter\View\View->render('lokasi/v_input_lokasi', [], true)
 5 APPPATH\Views\v_template.php(134): view('lokasi/v_input_lokasi')
 6 SYSTEMPATH\View\View.php(234): include('C:\\xampp\\htdocs\\web_gis\\app\\Views\\v_template.php')
 7 SYSTEMPATH\View\View.php(237): CodeIgniter\View\View->CodeIgniter\View\{closure}()
 8 SYSTEMPATH\Common.php(1171): CodeIgniter\View\View->render('v_template', [], true)
 9 APPPATH\Controllers\Lokasi.php(23): view('v_template', [...])
10 SYSTEMPATH\CodeIgniter.php(933): App\Controllers\Lokasi->inputLokasi()
11 SYSTEMPATH\CodeIgniter.php(509): CodeIgniter\CodeIgniter->runController(Object(App\Controllers\Lokasi))
12 SYSTEMPATH\CodeIgniter.php(355): CodeIgniter\CodeIgniter->handleRequest(null, Object(Config\Cache), false)
13 SYSTEMPATH\Boot.php(325): CodeIgniter\CodeIgniter->run()
14 SYSTEMPATH\Boot.php(67): CodeIgniter\Boot::runCodeIgniter(Object(CodeIgniter\CodeIgniter))
15 FCPATH\index.php(56): CodeIgniter\Boot::bootWeb(Object(Config\Paths))
CRITICAL - 2024-12-09 14:33:43 --> ErrorException: Undefined array key "nama_lokasi"
[Method: GET, Route: Lokasi/inputLokasi]
in APPPATH\Views\lokasi\v_input_lokasi.php on line 14.
 1 APPPATH\Views\lokasi\v_input_lokasi.php(14): CodeIgniter\Debug\Exceptions->errorHandler(2, 'Undefined array key "nama_lokasi"', 'C:\\xampp\\htdocs\\web_gis\\app\\Views\\lokasi\\v_input_lokasi.php', 14)
 2 SYSTEMPATH\View\View.php(234): include('C:\\xampp\\htdocs\\web_gis\\app\\Views\\lokasi\\v_input_lokasi.php')
 3 SYSTEMPATH\View\View.php(237): CodeIgniter\View\View->CodeIgniter\View\{closure}()
 4 SYSTEMPATH\Common.php(1171): CodeIgniter\View\View->render('lokasi/v_input_lokasi', [], true)
 5 APPPATH\Views\v_template.php(134): view('lokasi/v_input_lokasi')
 6 SYSTEMPATH\View\View.php(234): include('C:\\xampp\\htdocs\\web_gis\\app\\Views\\v_template.php')
 7 SYSTEMPATH\View\View.php(237): CodeIgniter\View\View->CodeIgniter\View\{closure}()
 8 SYSTEMPATH\Common.php(1171): CodeIgniter\View\View->render('v_template', [], true)
 9 APPPATH\Controllers\Lokasi.php(23): view('v_template', [...])
10 SYSTEMPATH\CodeIgniter.php(933): App\Controllers\Lokasi->inputLokasi()
11 SYSTEMPATH\CodeIgniter.php(509): CodeIgniter\CodeIgniter->runController(Object(App\Controllers\Lokasi))
12 SYSTEMPATH\CodeIgniter.php(355): CodeIgniter\CodeIgniter->handleRequest(null, Object(Config\Cache), false)
13 SYSTEMPATH\Boot.php(325): CodeIgniter\CodeIgniter->run()
14 SYSTEMPATH\Boot.php(67): CodeIgniter\Boot::runCodeIgniter(Object(CodeIgniter\CodeIgniter))
15 FCPATH\index.php(56): CodeIgniter\Boot::bootWeb(Object(Config\Paths))
CRITICAL - 2024-12-09 14:35:51 --> ErrorException: Undefined array key "nama_lokasi"
[Method: GET, Route: Lokasi/inputLokasi]
in APPPATH\Views\lokasi\v_input_lokasi.php on line 14.
 1 APPPATH\Views\lokasi\v_input_lokasi.php(14): CodeIgniter\Debug\Exceptions->errorHandler(2, 'Undefined array key "nama_lokasi"', 'C:\\xampp\\htdocs\\web_gis\\app\\Views\\lokasi\\v_input_lokasi.php', 14)
 2 SYSTEMPATH\View\View.php(234): include('C:\\xampp\\htdocs\\web_gis\\app\\Views\\lokasi\\v_input_lokasi.php')
 3 SYSTEMPATH\View\View.php(237): CodeIgniter\View\View->CodeIgniter\View\{closure}()
 4 SYSTEMPATH\Common.php(1171): CodeIgniter\View\View->render('lokasi/v_input_lokasi', [], true)
 5 APPPATH\Views\v_template.php(134): view('lokasi/v_input_lokasi')
 6 SYSTEMPATH\View\View.php(234): include('C:\\xampp\\htdocs\\web_gis\\app\\Views\\v_template.php')
 7 SYSTEMPATH\View\View.php(237): CodeIgniter\View\View->CodeIgniter\View\{closure}()
 8 SYSTEMPATH\Common.php(1171): CodeIgniter\View\View->render('v_template', [], true)
 9 APPPATH\Controllers\Lokasi.php(23): view('v_template', [...])
10 SYSTEMPATH\CodeIgniter.php(933): App\Controllers\Lokasi->inputLokasi()
11 SYSTEMPATH\CodeIgniter.php(509): CodeIgniter\CodeIgniter->runController(Object(App\Controllers\Lokasi))
12 SYSTEMPATH\CodeIgniter.php(355): CodeIgniter\CodeIgniter->handleRequest(null, Object(Config\Cache), false)
13 SYSTEMPATH\Boot.php(325): CodeIgniter\CodeIgniter->run()
14 SYSTEMPATH\Boot.php(67): CodeIgniter\Boot::runCodeIgniter(Object(CodeIgniter\CodeIgniter))
15 FCPATH\index.php(56): CodeIgniter\Boot::bootWeb(Object(Config\Paths))
CRITICAL - 2024-12-09 14:37:38 --> ErrorException: Undefined array key "nama_lokasi"
[Method: GET, Route: Lokasi/inputLokasi]
in APPPATH\Views\lokasi\v_input_lokasi.php on line 14.
 1 APPPATH\Views\lokasi\v_input_lokasi.php(14): CodeIgniter\Debug\Exceptions->errorHandler(2, 'Undefined array key "nama_lokasi"', 'C:\\xampp\\htdocs\\web_gis\\app\\Views\\lokasi\\v_input_lokasi.php', 14)
 2 SYSTEMPATH\View\View.php(234): include('C:\\xampp\\htdocs\\web_gis\\app\\Views\\lokasi\\v_input_lokasi.php')
 3 SYSTEMPATH\View\View.php(237): CodeIgniter\View\View->CodeIgniter\View\{closure}()
 4 SYSTEMPATH\Common.php(1171): CodeIgniter\View\View->render('lokasi/v_input_lokasi', [], true)
 5 APPPATH\Views\v_template.php(134): view('lokasi/v_input_lokasi')
 6 SYSTEMPATH\View\View.php(234): include('C:\\xampp\\htdocs\\web_gis\\app\\Views\\v_template.php')
 7 SYSTEMPATH\View\View.php(237): CodeIgniter\View\View->CodeIgniter\View\{closure}()
 8 SYSTEMPATH\Common.php(1171): CodeIgniter\View\View->render('v_template', [], true)
 9 APPPATH\Controllers\Lokasi.php(23): view('v_template', [...])
10 SYSTEMPATH\CodeIgniter.php(933): App\Controllers\Lokasi->inputLokasi()
11 SYSTEMPATH\CodeIgniter.php(509): CodeIgniter\CodeIgniter->runController(Object(App\Controllers\Lokasi))
12 SYSTEMPATH\CodeIgniter.php(355): CodeIgniter\CodeIgniter->handleRequest(null, Object(Config\Cache), false)
13 SYSTEMPATH\Boot.php(325): CodeIgniter\CodeIgniter->run()
14 SYSTEMPATH\Boot.php(67): CodeIgniter\Boot::runCodeIgniter(Object(CodeIgniter\CodeIgniter))
15 FCPATH\index.php(56): CodeIgniter\Boot::bootWeb(Object(Config\Paths))
CRITICAL - 2024-12-09 14:37:45 --> ErrorException: Undefined array key "nama_lokasi"
[Method: GET, Route: Lokasi/inputLokasi]
in APPPATH\Views\lokasi\v_input_lokasi.php on line 14.
 1 APPPATH\Views\lokasi\v_input_lokasi.php(14): CodeIgniter\Debug\Exceptions->errorHandler(2, 'Undefined array key "nama_lokasi"', 'C:\\xampp\\htdocs\\web_gis\\app\\Views\\lokasi\\v_input_lokasi.php', 14)
 2 SYSTEMPATH\View\View.php(234): include('C:\\xampp\\htdocs\\web_gis\\app\\Views\\lokasi\\v_input_lokasi.php')
 3 SYSTEMPATH\View\View.php(237): CodeIgniter\View\View->CodeIgniter\View\{closure}()
 4 SYSTEMPATH\Common.php(1171): CodeIgniter\View\View->render('lokasi/v_input_lokasi', [], true)
 5 APPPATH\Views\v_template.php(134): view('lokasi/v_input_lokasi')
 6 SYSTEMPATH\View\View.php(234): include('C:\\xampp\\htdocs\\web_gis\\app\\Views\\v_template.php')
 7 SYSTEMPATH\View\View.php(237): CodeIgniter\View\View->CodeIgniter\View\{closure}()
 8 SYSTEMPATH\Common.php(1171): CodeIgniter\View\View->render('v_template', [], true)
 9 APPPATH\Controllers\Lokasi.php(23): view('v_template', [...])
10 SYSTEMPATH\CodeIgniter.php(933): App\Controllers\Lokasi->inputLokasi()
11 SYSTEMPATH\CodeIgniter.php(509): CodeIgniter\CodeIgniter->runController(Object(App\Controllers\Lokasi))
12 SYSTEMPATH\CodeIgniter.php(355): CodeIgniter\CodeIgniter->handleRequest(null, Object(Config\Cache), false)
13 SYSTEMPATH\Boot.php(325): CodeIgniter\CodeIgniter->run()
14 SYSTEMPATH\Boot.php(67): CodeIgniter\Boot::runCodeIgniter(Object(CodeIgniter\CodeIgniter))
15 FCPATH\index.php(56): CodeIgniter\Boot::bootWeb(Object(Config\Paths))
CRITICAL - 2024-12-09 14:41:09 --> ErrorException: Undefined array key "nama_lokasi"
[Method: GET, Route: Lokasi/inputLokasi]
in APPPATH\Views\lokasi\v_input_lokasi.php on line 14.
 1 APPPATH\Views\lokasi\v_input_lokasi.php(14): CodeIgniter\Debug\Exceptions->errorHandler(2, 'Undefined array key "nama_lokasi"', 'C:\\xampp\\htdocs\\web_gis\\app\\Views\\lokasi\\v_input_lokasi.php', 14)
 2 SYSTEMPATH\View\View.php(234): include('C:\\xampp\\htdocs\\web_gis\\app\\Views\\lokasi\\v_input_lokasi.php')
 3 SYSTEMPATH\View\View.php(237): CodeIgniter\View\View->CodeIgniter\View\{closure}()
 4 SYSTEMPATH\Common.php(1171): CodeIgniter\View\View->render('lokasi/v_input_lokasi', [], true)
 5 APPPATH\Views\v_template.php(134): view('lokasi/v_input_lokasi')
 6 SYSTEMPATH\View\View.php(234): include('C:\\xampp\\htdocs\\web_gis\\app\\Views\\v_template.php')
 7 SYSTEMPATH\View\View.php(237): CodeIgniter\View\View->CodeIgniter\View\{closure}()
 8 SYSTEMPATH\Common.php(1171): CodeIgniter\View\View->render('v_template', [], true)
 9 APPPATH\Controllers\Lokasi.php(23): view('v_template', [...])
10 SYSTEMPATH\CodeIgniter.php(933): App\Controllers\Lokasi->inputLokasi()
11 SYSTEMPATH\CodeIgniter.php(509): CodeIgniter\CodeIgniter->runController(Object(App\Controllers\Lokasi))
12 SYSTEMPATH\CodeIgniter.php(355): CodeIgniter\CodeIgniter->handleRequest(null, Object(Config\Cache), false)
13 SYSTEMPATH\Boot.php(325): CodeIgniter\CodeIgniter->run()
14 SYSTEMPATH\Boot.php(67): CodeIgniter\Boot::runCodeIgniter(Object(CodeIgniter\CodeIgniter))
15 FCPATH\index.php(56): CodeIgniter\Boot::bootWeb(Object(Config\Paths))
CRITICAL - 2024-12-09 14:41:13 --> ErrorException: Undefined array key "nama_lokasi"
[Method: GET, Route: Lokasi/inputLokasi]
in APPPATH\Views\lokasi\v_input_lokasi.php on line 14.
 1 APPPATH\Views\lokasi\v_input_lokasi.php(14): CodeIgniter\Debug\Exceptions->errorHandler(2, 'Undefined array key "nama_lokasi"', 'C:\\xampp\\htdocs\\web_gis\\app\\Views\\lokasi\\v_input_lokasi.php', 14)
 2 SYSTEMPATH\View\View.php(234): include('C:\\xampp\\htdocs\\web_gis\\app\\Views\\lokasi\\v_input_lokasi.php')
 3 SYSTEMPATH\View\View.php(237): CodeIgniter\View\View->CodeIgniter\View\{closure}()
 4 SYSTEMPATH\Common.php(1171): CodeIgniter\View\View->render('lokasi/v_input_lokasi', [], true)
 5 APPPATH\Views\v_template.php(134): view('lokasi/v_input_lokasi')
 6 SYSTEMPATH\View\View.php(234): include('C:\\xampp\\htdocs\\web_gis\\app\\Views\\v_template.php')
 7 SYSTEMPATH\View\View.php(237): CodeIgniter\View\View->CodeIgniter\View\{closure}()
 8 SYSTEMPATH\Common.php(1171): CodeIgniter\View\View->render('v_template', [], true)
 9 APPPATH\Controllers\Lokasi.php(23): view('v_template', [...])
10 SYSTEMPATH\CodeIgniter.php(933): App\Controllers\Lokasi->inputLokasi()
11 SYSTEMPATH\CodeIgniter.php(509): CodeIgniter\CodeIgniter->runController(Object(App\Controllers\Lokasi))
12 SYSTEMPATH\CodeIgniter.php(355): CodeIgniter\CodeIgniter->handleRequest(null, Object(Config\Cache), false)
13 SYSTEMPATH\Boot.php(325): CodeIgniter\CodeIgniter->run()
14 SYSTEMPATH\Boot.php(67): CodeIgniter\Boot::runCodeIgniter(Object(CodeIgniter\CodeIgniter))
15 FCPATH\index.php(56): CodeIgniter\Boot::bootWeb(Object(Config\Paths))
CRITICAL - 2024-12-09 14:41:13 --> ErrorException: Undefined array key "nama_lokasi"
[Method: GET, Route: Lokasi/inputLokasi]
in APPPATH\Views\lokasi\v_input_lokasi.php on line 14.
 1 APPPATH\Views\lokasi\v_input_lokasi.php(14): CodeIgniter\Debug\Exceptions->errorHandler(2, 'Undefined array key "nama_lokasi"', 'C:\\xampp\\htdocs\\web_gis\\app\\Views\\lokasi\\v_input_lokasi.php', 14)
 2 SYSTEMPATH\View\View.php(234): include('C:\\xampp\\htdocs\\web_gis\\app\\Views\\lokasi\\v_input_lokasi.php')
 3 SYSTEMPATH\View\View.php(237): CodeIgniter\View\View->CodeIgniter\View\{closure}()
 4 SYSTEMPATH\Common.php(1171): CodeIgniter\View\View->render('lokasi/v_input_lokasi', [], true)
 5 APPPATH\Views\v_template.php(134): view('lokasi/v_input_lokasi')
 6 SYSTEMPATH\View\View.php(234): include('C:\\xampp\\htdocs\\web_gis\\app\\Views\\v_template.php')
 7 SYSTEMPATH\View\View.php(237): CodeIgniter\View\View->CodeIgniter\View\{closure}()
 8 SYSTEMPATH\Common.php(1171): CodeIgniter\View\View->render('v_template', [], true)
 9 APPPATH\Controllers\Lokasi.php(23): view('v_template', [...])
10 SYSTEMPATH\CodeIgniter.php(933): App\Controllers\Lokasi->inputLokasi()
11 SYSTEMPATH\CodeIgniter.php(509): CodeIgniter\CodeIgniter->runController(Object(App\Controllers\Lokasi))
12 SYSTEMPATH\CodeIgniter.php(355): CodeIgniter\CodeIgniter->handleRequest(null, Object(Config\Cache), false)
13 SYSTEMPATH\Boot.php(325): CodeIgniter\CodeIgniter->run()
14 SYSTEMPATH\Boot.php(67): CodeIgniter\Boot::runCodeIgniter(Object(CodeIgniter\CodeIgniter))
15 FCPATH\index.php(56): CodeIgniter\Boot::bootWeb(Object(Config\Paths))
CRITICAL - 2024-12-09 14:41:14 --> ErrorException: Undefined array key "nama_lokasi"
[Method: GET, Route: Lokasi/inputLokasi]
in APPPATH\Views\lokasi\v_input_lokasi.php on line 14.
 1 APPPATH\Views\lokasi\v_input_lokasi.php(14): CodeIgniter\Debug\Exceptions->errorHandler(2, 'Undefined array key "nama_lokasi"', 'C:\\xampp\\htdocs\\web_gis\\app\\Views\\lokasi\\v_input_lokasi.php', 14)
 2 SYSTEMPATH\View\View.php(234): include('C:\\xampp\\htdocs\\web_gis\\app\\Views\\lokasi\\v_input_lokasi.php')
 3 SYSTEMPATH\View\View.php(237): CodeIgniter\View\View->CodeIgniter\View\{closure}()
 4 SYSTEMPATH\Common.php(1171): CodeIgniter\View\View->render('lokasi/v_input_lokasi', [], true)
 5 APPPATH\Views\v_template.php(134): view('lokasi/v_input_lokasi')
 6 SYSTEMPATH\View\View.php(234): include('C:\\xampp\\htdocs\\web_gis\\app\\Views\\v_template.php')
 7 SYSTEMPATH\View\View.php(237): CodeIgniter\View\View->CodeIgniter\View\{closure}()
 8 SYSTEMPATH\Common.php(1171): CodeIgniter\View\View->render('v_template', [], true)
 9 APPPATH\Controllers\Lokasi.php(23): view('v_template', [...])
10 SYSTEMPATH\CodeIgniter.php(933): App\Controllers\Lokasi->inputLokasi()
11 SYSTEMPATH\CodeIgniter.php(509): CodeIgniter\CodeIgniter->runController(Object(App\Controllers\Lokasi))
12 SYSTEMPATH\CodeIgniter.php(355): CodeIgniter\CodeIgniter->handleRequest(null, Object(Config\Cache), false)
13 SYSTEMPATH\Boot.php(325): CodeIgniter\CodeIgniter->run()
14 SYSTEMPATH\Boot.php(67): CodeIgniter\Boot::runCodeIgniter(Object(CodeIgniter\CodeIgniter))
15 FCPATH\index.php(56): CodeIgniter\Boot::bootWeb(Object(Config\Paths))
CRITICAL - 2024-12-09 14:42:20 --> ErrorException: Undefined array key "nama_lokasi"
[Method: GET, Route: Lokasi/inputLokasi]
in APPPATH\Views\lokasi\v_input_lokasi.php on line 14.
 1 APPPATH\Views\lokasi\v_input_lokasi.php(14): CodeIgniter\Debug\Exceptions->errorHandler(2, 'Undefined array key "nama_lokasi"', 'C:\\xampp\\htdocs\\web_gis\\app\\Views\\lokasi\\v_input_lokasi.php', 14)
 2 SYSTEMPATH\View\View.php(234): include('C:\\xampp\\htdocs\\web_gis\\app\\Views\\lokasi\\v_input_lokasi.php')
 3 SYSTEMPATH\View\View.php(237): CodeIgniter\View\View->CodeIgniter\View\{closure}()
 4 SYSTEMPATH\Common.php(1171): CodeIgniter\View\View->render('lokasi/v_input_lokasi', [], true)
 5 APPPATH\Views\v_template.php(134): view('lokasi/v_input_lokasi')
 6 SYSTEMPATH\View\View.php(234): include('C:\\xampp\\htdocs\\web_gis\\app\\Views\\v_template.php')
 7 SYSTEMPATH\View\View.php(237): CodeIgniter\View\View->CodeIgniter\View\{closure}()
 8 SYSTEMPATH\Common.php(1171): CodeIgniter\View\View->render('v_template', [], true)
 9 APPPATH\Controllers\Lokasi.php(23): view('v_template', [...])
10 SYSTEMPATH\CodeIgniter.php(933): App\Controllers\Lokasi->inputLokasi()
11 SYSTEMPATH\CodeIgniter.php(509): CodeIgniter\CodeIgniter->runController(Object(App\Controllers\Lokasi))
12 SYSTEMPATH\CodeIgniter.php(355): CodeIgniter\CodeIgniter->handleRequest(null, Object(Config\Cache), false)
13 SYSTEMPATH\Boot.php(325): CodeIgniter\CodeIgniter->run()
14 SYSTEMPATH\Boot.php(67): CodeIgniter\Boot::runCodeIgniter(Object(CodeIgniter\CodeIgniter))
15 FCPATH\index.php(56): CodeIgniter\Boot::bootWeb(Object(Config\Paths))
CRITICAL - 2024-12-09 15:25:55 --> ValueError: strpos(): Argument #3 ($offset) must be contained in argument #1 ($haystack)
[Method: POST, Route: Lokasi/insertData]
in SYSTEMPATH\Validation\Validation.php on line 974.
 1 SYSTEMPATH\Validation\Validation.php(974): strpos('uploaded[foto_lokasi]max_size[foto_lokasi,1024]|mime_in[foto_lokasi/image/jpg,image/jpeg,image/png', '|', 99)
 2 SYSTEMPATH\Validation\Validation.php(609): CodeIgniter\Validation\Validation->splitRules([...])
 3 SYSTEMPATH\Controller.php(181): CodeIgniter\Validation\Validation->setRules([...], [])
 4 SYSTEMPATH\Controller.php(135): CodeIgniter\Controller->setValidator([...], [])
 5 APPPATH\Controllers\Lokasi.php(29): CodeIgniter\Controller->validate([...])
 6 SYSTEMPATH\CodeIgniter.php(933): App\Controllers\Lokasi->insertData()
 7 SYSTEMPATH\CodeIgniter.php(509): CodeIgniter\CodeIgniter->runController(Object(App\Controllers\Lokasi))
 8 SYSTEMPATH\CodeIgniter.php(355): CodeIgniter\CodeIgniter->handleRequest(null, Object(Config\Cache), false)
 9 SYSTEMPATH\Boot.php(325): CodeIgniter\CodeIgniter->run()
10 SYSTEMPATH\Boot.php(67): CodeIgniter\Boot::runCodeIgniter(Object(CodeIgniter\CodeIgniter))
11 FCPATH\index.php(56): CodeIgniter\Boot::bootWeb(Object(Config\Paths))
CRITICAL - 2024-12-09 15:26:14 --> ValueError: strpos(): Argument #3 ($offset) must be contained in argument #1 ($haystack)
[Method: POST, Route: Lokasi/insertData]
in SYSTEMPATH\Validation\Validation.php on line 974.
 1 SYSTEMPATH\Validation\Validation.php(974): strpos('uploaded[foto_lokasi]max_size[foto_lokasi,1024]|mime_in[foto_lokasi/image/jpg,image/jpeg,image/png', '|', 99)
 2 SYSTEMPATH\Validation\Validation.php(609): CodeIgniter\Validation\Validation->splitRules([...])
 3 SYSTEMPATH\Controller.php(181): CodeIgniter\Validation\Validation->setRules([...], [])
 4 SYSTEMPATH\Controller.php(135): CodeIgniter\Controller->setValidator([...], [])
 5 APPPATH\Controllers\Lokasi.php(29): CodeIgniter\Controller->validate([...])
 6 SYSTEMPATH\CodeIgniter.php(933): App\Controllers\Lokasi->insertData()
 7 SYSTEMPATH\CodeIgniter.php(509): CodeIgniter\CodeIgniter->runController(Object(App\Controllers\Lokasi))
 8 SYSTEMPATH\CodeIgniter.php(355): CodeIgniter\CodeIgniter->handleRequest(null, Object(Config\Cache), false)
 9 SYSTEMPATH\Boot.php(325): CodeIgniter\CodeIgniter->run()
10 SYSTEMPATH\Boot.php(67): CodeIgniter\Boot::runCodeIgniter(Object(CodeIgniter\CodeIgniter))
11 FCPATH\index.php(56): CodeIgniter\Boot::bootWeb(Object(Config\Paths))
CRITICAL - 2024-12-09 15:27:14 --> ValueError: strpos(): Argument #3 ($offset) must be contained in argument #1 ($haystack)
[Method: POST, Route: Lokasi/insertData]
in SYSTEMPATH\Validation\Validation.php on line 974.
 1 SYSTEMPATH\Validation\Validation.php(974): strpos('uploaded[foto_lokasi]max_size[foto_lokasi,1024]|mime_in[foto_lokasi/image/jpg,image/jpeg,image/png', '|', 99)
 2 SYSTEMPATH\Validation\Validation.php(609): CodeIgniter\Validation\Validation->splitRules([...])
 3 SYSTEMPATH\Controller.php(181): CodeIgniter\Validation\Validation->setRules([...], [])
 4 SYSTEMPATH\Controller.php(135): CodeIgniter\Controller->setValidator([...], [])
 5 APPPATH\Controllers\Lokasi.php(29): CodeIgniter\Controller->validate([...])
 6 SYSTEMPATH\CodeIgniter.php(933): App\Controllers\Lokasi->insertData()
 7 SYSTEMPATH\CodeIgniter.php(509): CodeIgniter\CodeIgniter->runController(Object(App\Controllers\Lokasi))
 8 SYSTEMPATH\CodeIgniter.php(355): CodeIgniter\CodeIgniter->handleRequest(null, Object(Config\Cache), false)
 9 SYSTEMPATH\Boot.php(325): CodeIgniter\CodeIgniter->run()
10 SYSTEMPATH\Boot.php(67): CodeIgniter\Boot::runCodeIgniter(Object(CodeIgniter\CodeIgniter))
11 FCPATH\index.php(56): CodeIgniter\Boot::bootWeb(Object(Config\Paths))
CRITICAL - 2024-12-09 15:28:36 --> ValueError: strpos(): Argument #3 ($offset) must be contained in argument #1 ($haystack)
[Method: POST, Route: Lokasi/insertData]
in SYSTEMPATH\Validation\Validation.php on line 974.
 1 SYSTEMPATH\Validation\Validation.php(974): strpos('uploaded[foto_lokasi]max_size[foto_lokasi,1024]|mime_in[foto_lokasi/image/jpg,image/jpeg,image/png', '|', 99)
 2 SYSTEMPATH\Validation\Validation.php(609): CodeIgniter\Validation\Validation->splitRules([...])
 3 SYSTEMPATH\Controller.php(181): CodeIgniter\Validation\Validation->setRules([...], [])
 4 SYSTEMPATH\Controller.php(135): CodeIgniter\Controller->setValidator([...], [])
 5 APPPATH\Controllers\Lokasi.php(29): CodeIgniter\Controller->validate([...])
 6 SYSTEMPATH\CodeIgniter.php(933): App\Controllers\Lokasi->insertData()
 7 SYSTEMPATH\CodeIgniter.php(509): CodeIgniter\CodeIgniter->runController(Object(App\Controllers\Lokasi))
 8 SYSTEMPATH\CodeIgniter.php(355): CodeIgniter\CodeIgniter->handleRequest(null, Object(Config\Cache), false)
 9 SYSTEMPATH\Boot.php(325): CodeIgniter\CodeIgniter->run()
10 SYSTEMPATH\Boot.php(67): CodeIgniter\Boot::runCodeIgniter(Object(CodeIgniter\CodeIgniter))
11 FCPATH\index.php(56): CodeIgniter\Boot::bootWeb(Object(Config\Paths))
CRITICAL - 2024-12-09 15:29:56 --> ValueError: strpos(): Argument #3 ($offset) must be contained in argument #1 ($haystack)
[Method: POST, Route: Lokasi/insertData]
in SYSTEMPATH\Validation\Validation.php on line 974.
 1 SYSTEMPATH\Validation\Validation.php(974): strpos('uploaded[foto_lokasi]max_size[foto_lokasi,1024]|mime_in[foto_lokasi/image/jpg,image/jpeg,image/png', '|', 99)
 2 SYSTEMPATH\Validation\Validation.php(609): CodeIgniter\Validation\Validation->splitRules([...])
 3 SYSTEMPATH\Controller.php(181): CodeIgniter\Validation\Validation->setRules([...], [])
 4 SYSTEMPATH\Controller.php(135): CodeIgniter\Controller->setValidator([...], [])
 5 APPPATH\Controllers\Lokasi.php(29): CodeIgniter\Controller->validate([...])
 6 SYSTEMPATH\CodeIgniter.php(933): App\Controllers\Lokasi->insertData()
 7 SYSTEMPATH\CodeIgniter.php(509): CodeIgniter\CodeIgniter->runController(Object(App\Controllers\Lokasi))
 8 SYSTEMPATH\CodeIgniter.php(355): CodeIgniter\CodeIgniter->handleRequest(null, Object(Config\Cache), false)
 9 SYSTEMPATH\Boot.php(325): CodeIgniter\CodeIgniter->run()
10 SYSTEMPATH\Boot.php(67): CodeIgniter\Boot::runCodeIgniter(Object(CodeIgniter\CodeIgniter))
11 FCPATH\index.php(56): CodeIgniter\Boot::bootWeb(Object(Config\Paths))
CRITICAL - 2024-12-09 15:35:26 --> ValueError: strpos(): Argument #3 ($offset) must be contained in argument #1 ($haystack)
[Method: POST, Route: Lokasi/insertData]
in SYSTEMPATH\Validation\Validation.php on line 974.
 1 SYSTEMPATH\Validation\Validation.php(974): strpos('uploaded[foto_lokasi]max_size[foto_lokasi,1024]|mime_in[foto_lokasi/image/jpg,image/jpeg,image/png', '|', 99)
 2 SYSTEMPATH\Validation\Validation.php(609): CodeIgniter\Validation\Validation->splitRules([...])
 3 SYSTEMPATH\Controller.php(181): CodeIgniter\Validation\Validation->setRules([...], [])
 4 SYSTEMPATH\Controller.php(135): CodeIgniter\Controller->setValidator([...], [])
 5 APPPATH\Controllers\Lokasi.php(29): CodeIgniter\Controller->validate([...])
 6 SYSTEMPATH\CodeIgniter.php(933): App\Controllers\Lokasi->insertData()
 7 SYSTEMPATH\CodeIgniter.php(509): CodeIgniter\CodeIgniter->runController(Object(App\Controllers\Lokasi))
 8 SYSTEMPATH\CodeIgniter.php(355): CodeIgniter\CodeIgniter->handleRequest(null, Object(Config\Cache), false)
 9 SYSTEMPATH\Boot.php(325): CodeIgniter\CodeIgniter->run()
10 SYSTEMPATH\Boot.php(67): CodeIgniter\Boot::runCodeIgniter(Object(CodeIgniter\CodeIgniter))
11 FCPATH\index.php(56): CodeIgniter\Boot::bootWeb(Object(Config\Paths))
CRITICAL - 2024-12-09 15:35:32 --> ValueError: strpos(): Argument #3 ($offset) must be contained in argument #1 ($haystack)
[Method: POST, Route: Lokasi/insertData]
in SYSTEMPATH\Validation\Validation.php on line 974.
 1 SYSTEMPATH\Validation\Validation.php(974): strpos('uploaded[foto_lokasi]max_size[foto_lokasi,1024]|mime_in[foto_lokasi/image/jpg,image/jpeg,image/png', '|', 99)
 2 SYSTEMPATH\Validation\Validation.php(609): CodeIgniter\Validation\Validation->splitRules([...])
 3 SYSTEMPATH\Controller.php(181): CodeIgniter\Validation\Validation->setRules([...], [])
 4 SYSTEMPATH\Controller.php(135): CodeIgniter\Controller->setValidator([...], [])
 5 APPPATH\Controllers\Lokasi.php(29): CodeIgniter\Controller->validate([...])
 6 SYSTEMPATH\CodeIgniter.php(933): App\Controllers\Lokasi->insertData()
 7 SYSTEMPATH\CodeIgniter.php(509): CodeIgniter\CodeIgniter->runController(Object(App\Controllers\Lokasi))
 8 SYSTEMPATH\CodeIgniter.php(355): CodeIgniter\CodeIgniter->handleRequest(null, Object(Config\Cache), false)
 9 SYSTEMPATH\Boot.php(325): CodeIgniter\CodeIgniter->run()
10 SYSTEMPATH\Boot.php(67): CodeIgniter\Boot::runCodeIgniter(Object(CodeIgniter\CodeIgniter))
11 FCPATH\index.php(56): CodeIgniter\Boot::bootWeb(Object(Config\Paths))
CRITICAL - 2024-12-09 15:38:45 --> ValueError: strpos(): Argument #3 ($offset) must be contained in argument #1 ($haystack)
[Method: POST, Route: Lokasi/insertData]
in SYSTEMPATH\Validation\Validation.php on line 974.
 1 SYSTEMPATH\Validation\Validation.php(974): strpos('uploaded[foto_lokasi]max_size[foto_lokasi,1024]|mime_in[foto_lokasi/image/jpg,image/jpeg,image/png', '|', 99)
 2 SYSTEMPATH\Validation\Validation.php(609): CodeIgniter\Validation\Validation->splitRules([...])
 3 SYSTEMPATH\Controller.php(181): CodeIgniter\Validation\Validation->setRules([...], [])
 4 SYSTEMPATH\Controller.php(135): CodeIgniter\Controller->setValidator([...], [])
 5 APPPATH\Controllers\Lokasi.php(28): CodeIgniter\Controller->validate([...])
 6 SYSTEMPATH\CodeIgniter.php(933): App\Controllers\Lokasi->insertData()
 7 SYSTEMPATH\CodeIgniter.php(509): CodeIgniter\CodeIgniter->runController(Object(App\Controllers\Lokasi))
 8 SYSTEMPATH\CodeIgniter.php(355): CodeIgniter\CodeIgniter->handleRequest(null, Object(Config\Cache), false)
 9 SYSTEMPATH\Boot.php(325): CodeIgniter\CodeIgniter->run()
10 SYSTEMPATH\Boot.php(67): CodeIgniter\Boot::runCodeIgniter(Object(CodeIgniter\CodeIgniter))
11 FCPATH\index.php(56): CodeIgniter\Boot::bootWeb(Object(Config\Paths))
CRITICAL - 2024-12-09 15:42:05 --> ValueError: strpos(): Argument #3 ($offset) must be contained in argument #1 ($haystack)
[Method: POST, Route: Lokasi/insertData]
in SYSTEMPATH\Validation\Validation.php on line 974.
 1 SYSTEMPATH\Validation\Validation.php(974): strpos('uploaded[foto_lokasi]max_size[foto_lokasi,1024]|mime_in[foto_lokasi/image/jpg,image/jpeg,image/png', '|', 99)
 2 SYSTEMPATH\Validation\Validation.php(609): CodeIgniter\Validation\Validation->splitRules([...])
 3 SYSTEMPATH\Controller.php(181): CodeIgniter\Validation\Validation->setRules([...], [])
 4 SYSTEMPATH\Controller.php(135): CodeIgniter\Controller->setValidator([...], [])
 5 APPPATH\Controllers\Lokasi.php(28): CodeIgniter\Controller->validate([...])
 6 SYSTEMPATH\CodeIgniter.php(933): App\Controllers\Lokasi->insertData()
 7 SYSTEMPATH\CodeIgniter.php(509): CodeIgniter\CodeIgniter->runController(Object(App\Controllers\Lokasi))
 8 SYSTEMPATH\CodeIgniter.php(355): CodeIgniter\CodeIgniter->handleRequest(null, Object(Config\Cache), false)
 9 SYSTEMPATH\Boot.php(325): CodeIgniter\CodeIgniter->run()
10 SYSTEMPATH\Boot.php(67): CodeIgniter\Boot::runCodeIgniter(Object(CodeIgniter\CodeIgniter))
11 FCPATH\index.php(56): CodeIgniter\Boot::bootWeb(Object(Config\Paths))
CRITICAL - 2024-12-09 15:42:22 --> ValueError: strpos(): Argument #3 ($offset) must be contained in argument #1 ($haystack)
[Method: POST, Route: Lokasi/insertData]
in SYSTEMPATH\Validation\Validation.php on line 974.
 1 SYSTEMPATH\Validation\Validation.php(974): strpos('uploaded[foto_lokasi]max_size[foto_lokasi,1024]|mime_in[foto_lokasi/image/jpg,image/jpeg,image/png', '|', 99)
 2 SYSTEMPATH\Validation\Validation.php(609): CodeIgniter\Validation\Validation->splitRules([...])
 3 SYSTEMPATH\Controller.php(181): CodeIgniter\Validation\Validation->setRules([...], [])
 4 SYSTEMPATH\Controller.php(135): CodeIgniter\Controller->setValidator([...], [])
 5 APPPATH\Controllers\Lokasi.php(28): CodeIgniter\Controller->validate([...])
 6 SYSTEMPATH\CodeIgniter.php(933): App\Controllers\Lokasi->insertData()
 7 SYSTEMPATH\CodeIgniter.php(509): CodeIgniter\CodeIgniter->runController(Object(App\Controllers\Lokasi))
 8 SYSTEMPATH\CodeIgniter.php(355): CodeIgniter\CodeIgniter->handleRequest(null, Object(Config\Cache), false)
 9 SYSTEMPATH\Boot.php(325): CodeIgniter\CodeIgniter->run()
10 SYSTEMPATH\Boot.php(67): CodeIgniter\Boot::runCodeIgniter(Object(CodeIgniter\CodeIgniter))
11 FCPATH\index.php(56): CodeIgniter\Boot::bootWeb(Object(Config\Paths))
CRITICAL - 2024-12-09 15:54:20 --> ValueError: strpos(): Argument #3 ($offset) must be contained in argument #1 ($haystack)
[Method: POST, Route: Lokasi/insertData]
in SYSTEMPATH\Validation\Validation.php on line 974.
 1 SYSTEMPATH\Validation\Validation.php(974): strpos('uploaded[foto_lokasi]max_size[foto_lokasi,1024]|mime_in[foto_lokasi/image/jpg,image/jpeg,image/png', '|', 99)
 2 SYSTEMPATH\Validation\Validation.php(609): CodeIgniter\Validation\Validation->splitRules([...])
 3 SYSTEMPATH\Controller.php(181): CodeIgniter\Validation\Validation->setRules([...], [])
 4 SYSTEMPATH\Controller.php(135): CodeIgniter\Controller->setValidator([...], [])
 5 APPPATH\Controllers\Lokasi.php(28): CodeIgniter\Controller->validate([...])
 6 SYSTEMPATH\CodeIgniter.php(933): App\Controllers\Lokasi->insertData()
 7 SYSTEMPATH\CodeIgniter.php(509): CodeIgniter\CodeIgniter->runController(Object(App\Controllers\Lokasi))
 8 SYSTEMPATH\CodeIgniter.php(355): CodeIgniter\CodeIgniter->handleRequest(null, Object(Config\Cache), false)
 9 SYSTEMPATH\Boot.php(325): CodeIgniter\CodeIgniter->run()
10 SYSTEMPATH\Boot.php(67): CodeIgniter\Boot::runCodeIgniter(Object(CodeIgniter\CodeIgniter))
11 FCPATH\index.php(56): CodeIgniter\Boot::bootWeb(Object(Config\Paths))
CRITICAL - 2024-12-09 15:56:06 --> ValueError: strpos(): Argument #3 ($offset) must be contained in argument #1 ($haystack)
[Method: POST, Route: Lokasi/insertData]
in SYSTEMPATH\Validation\Validation.php on line 974.
 1 SYSTEMPATH\Validation\Validation.php(974): strpos('uploaded[foto_lokasi]max_size[foto_lokasi,1024]|mime_in[foto_lokasi/image/jpg,image/jpeg,image/png', '|', 99)
 2 SYSTEMPATH\Validation\Validation.php(609): CodeIgniter\Validation\Validation->splitRules([...])
 3 SYSTEMPATH\Controller.php(181): CodeIgniter\Validation\Validation->setRules([...], [])
 4 SYSTEMPATH\Controller.php(135): CodeIgniter\Controller->setValidator([...], [])
 5 APPPATH\Controllers\Lokasi.php(28): CodeIgniter\Controller->validate([...])
 6 SYSTEMPATH\CodeIgniter.php(933): App\Controllers\Lokasi->insertData()
 7 SYSTEMPATH\CodeIgniter.php(509): CodeIgniter\CodeIgniter->runController(Object(App\Controllers\Lokasi))
 8 SYSTEMPATH\CodeIgniter.php(355): CodeIgniter\CodeIgniter->handleRequest(null, Object(Config\Cache), false)
 9 SYSTEMPATH\Boot.php(325): CodeIgniter\CodeIgniter->run()
10 SYSTEMPATH\Boot.php(67): CodeIgniter\Boot::runCodeIgniter(Object(CodeIgniter\CodeIgniter))
11 FCPATH\index.php(56): CodeIgniter\Boot::bootWeb(Object(Config\Paths))
CRITICAL - 2024-12-09 15:58:23 --> ValueError: strpos(): Argument #3 ($offset) must be contained in argument #1 ($haystack)
[Method: POST, Route: Lokasi/insertData]
in SYSTEMPATH\Validation\Validation.php on line 974.
 1 SYSTEMPATH\Validation\Validation.php(974): strpos('uploaded[foto_lokasi]max_size[foto_lokasi,1024]|mime_in[foto_lokasi/image/jpg,image/jpeg,image/png', '|', 99)
 2 SYSTEMPATH\Validation\Validation.php(609): CodeIgniter\Validation\Validation->splitRules([...])
 3 SYSTEMPATH\Controller.php(181): CodeIgniter\Validation\Validation->setRules([...], [])
 4 SYSTEMPATH\Controller.php(135): CodeIgniter\Controller->setValidator([...], [])
 5 APPPATH\Controllers\Lokasi.php(28): CodeIgniter\Controller->validate([...])
 6 SYSTEMPATH\CodeIgniter.php(933): App\Controllers\Lokasi->insertData()
 7 SYSTEMPATH\CodeIgniter.php(509): CodeIgniter\CodeIgniter->runController(Object(App\Controllers\Lokasi))
 8 SYSTEMPATH\CodeIgniter.php(355): CodeIgniter\CodeIgniter->handleRequest(null, Object(Config\Cache), false)
 9 SYSTEMPATH\Boot.php(325): CodeIgniter\CodeIgniter->run()
10 SYSTEMPATH\Boot.php(67): CodeIgniter\Boot::runCodeIgniter(Object(CodeIgniter\CodeIgniter))
11 FCPATH\index.php(56): CodeIgniter\Boot::bootWeb(Object(Config\Paths))
CRITICAL - 2024-12-09 16:00:58 --> ValueError: strpos(): Argument #3 ($offset) must be contained in argument #1 ($haystack)
[Method: POST, Route: Lokasi/insertData]
in SYSTEMPATH\Validation\Validation.php on line 974.
 1 SYSTEMPATH\Validation\Validation.php(974): strpos('uploaded[foto_lokasi]max_size[foto_lokasi,1024]|mime_in[foto_lokasi/image/jpg,image/jpeg,image/png', '|', 99)
 2 SYSTEMPATH\Validation\Validation.php(609): CodeIgniter\Validation\Validation->splitRules([...])
 3 SYSTEMPATH\Controller.php(181): CodeIgniter\Validation\Validation->setRules([...], [])
 4 SYSTEMPATH\Controller.php(135): CodeIgniter\Controller->setValidator([...], [])
 5 APPPATH\Controllers\Lokasi.php(28): CodeIgniter\Controller->validate([...])
 6 SYSTEMPATH\CodeIgniter.php(933): App\Controllers\Lokasi->insertData()
 7 SYSTEMPATH\CodeIgniter.php(509): CodeIgniter\CodeIgniter->runController(Object(App\Controllers\Lokasi))
 8 SYSTEMPATH\CodeIgniter.php(355): CodeIgniter\CodeIgniter->handleRequest(null, Object(Config\Cache), false)
 9 SYSTEMPATH\Boot.php(325): CodeIgniter\CodeIgniter->run()
10 SYSTEMPATH\Boot.php(67): CodeIgniter\Boot::runCodeIgniter(Object(CodeIgniter\CodeIgniter))
11 FCPATH\index.php(56): CodeIgniter\Boot::bootWeb(Object(Config\Paths))
CRITICAL - 2024-12-09 16:17:42 --> ValueError: strpos(): Argument #3 ($offset) must be contained in argument #1 ($haystack)
[Method: POST, Route: Lokasi/insertData]
in SYSTEMPATH\Validation\Validation.php on line 974.
 1 SYSTEMPATH\Validation\Validation.php(974): strpos('uploaded[foto_lokasi]max_size[foto_lokasi,1024]|mime_in[foto_lokasi/image/jpg,image/jpeg,image/png', '|', 99)
 2 SYSTEMPATH\Validation\Validation.php(609): CodeIgniter\Validation\Validation->splitRules([...])
 3 SYSTEMPATH\Controller.php(181): CodeIgniter\Validation\Validation->setRules([...], [])
 4 SYSTEMPATH\Controller.php(135): CodeIgniter\Controller->setValidator([...], [])
 5 APPPATH\Controllers\Lokasi.php(35): CodeIgniter\Controller->validate([...])
 6 SYSTEMPATH\CodeIgniter.php(933): App\Controllers\Lokasi->insertData()
 7 SYSTEMPATH\CodeIgniter.php(509): CodeIgniter\CodeIgniter->runController(Object(App\Controllers\Lokasi))
 8 SYSTEMPATH\CodeIgniter.php(355): CodeIgniter\CodeIgniter->handleRequest(null, Object(Config\Cache), false)
 9 SYSTEMPATH\Boot.php(325): CodeIgniter\CodeIgniter->run()
10 SYSTEMPATH\Boot.php(67): CodeIgniter\Boot::runCodeIgniter(Object(CodeIgniter\CodeIgniter))
11 FCPATH\index.php(56): CodeIgniter\Boot::bootWeb(Object(Config\Paths))
CRITICAL - 2024-12-09 16:18:27 --> ValueError: strpos(): Argument #3 ($offset) must be contained in argument #1 ($haystack)
[Method: POST, Route: Lokasi/insertData]
in SYSTEMPATH\Validation\Validation.php on line 974.
 1 SYSTEMPATH\Validation\Validation.php(974): strpos('uploaded[foto_lokasi]max_size[foto_lokasi,1024]|mime_in[foto_lokasi/image/jpg,image/jpeg,image/png', '|', 99)
 2 SYSTEMPATH\Validation\Validation.php(609): CodeIgniter\Validation\Validation->splitRules([...])
 3 SYSTEMPATH\Controller.php(181): CodeIgniter\Validation\Validation->setRules([...], [])
 4 SYSTEMPATH\Controller.php(135): CodeIgniter\Controller->setValidator([...], [])
 5 APPPATH\Controllers\Lokasi.php(35): CodeIgniter\Controller->validate([...])
 6 SYSTEMPATH\CodeIgniter.php(933): App\Controllers\Lokasi->insertData()
 7 SYSTEMPATH\CodeIgniter.php(509): CodeIgniter\CodeIgniter->runController(Object(App\Controllers\Lokasi))
 8 SYSTEMPATH\CodeIgniter.php(355): CodeIgniter\CodeIgniter->handleRequest(null, Object(Config\Cache), false)
 9 SYSTEMPATH\Boot.php(325): CodeIgniter\CodeIgniter->run()
10 SYSTEMPATH\Boot.php(67): CodeIgniter\Boot::runCodeIgniter(Object(CodeIgniter\CodeIgniter))
11 FCPATH\index.php(56): CodeIgniter\Boot::bootWeb(Object(Config\Paths))
